2024-03-08 21:01:45.652489: I tensorflow/core/util/port.cc:113] oneDNN custom operations are on. You may see slightly different numerical results due to floating-point round-off errors from different computation orders. To turn them off, set the environment variable `TF_ENABLE_ONEDNN_OPTS=0`.
2024-03-08 21:01:45.656766: I external/local_tsl/tsl/cuda/cudart_stub.cc:31] Could not find cuda drivers on your machine, GPU will not be used.
2024-03-08 21:01:45.736823: E external/local_xla/xla/stream_executor/cuda/cuda_dnn.cc:9261] Unable to register cuDNN factory: Attempting to register factory for plugin cuDNN when one has already been registered
2024-03-08 21:01:45.737410: E external/local_xla/xla/stream_executor/cuda/cuda_fft.cc:607] Unable to register cuFFT factory: Attempting to register factory for plugin cuFFT when one has already been registered
2024-03-08 21:01:45.739375: E external/local_xla/xla/stream_executor/cuda/cuda_blas.cc:1515] Unable to register cuBLAS factory: Attempting to register factory for plugin cuBLAS when one has already been registered
2024-03-08 21:01:45.750165: I external/local_tsl/tsl/cuda/cudart_stub.cc:31] Could not find cuda drivers on your machine, GPU will not be used.
2024-03-08 21:01:45.750821: I tensorflow/core/platform/cpu_feature_guard.cc:182] This TensorFlow binary is optimized to use available CPU instructions in performance-critical operations.
To enable the following instructions: AVX2 AVX512F AVX512_VNNI FMA, in other operations, rebuild TensorFlow with the appropriate compiler flags.
2024-03-08 21:01:49.443181: W tensorflow/compiler/tf2tensorrt/utils/py_utils.cc:38] TF-TRT Warning: Could not find TensorRT
Traceback (most recent call last):
  File "/home/lodhar/afib-dl/3DCNN/train.py", line 7, in <module>
    import tensorflow as tf
  File "/home/lodhar/.local/lib/python3.11/site-packages/tensorflow/__init__.py", line 54, in <module>
    from tensorflow._api.v2 import compat
  File "/home/lodhar/.local/lib/python3.11/site-packages/tensorflow/_api/v2/compat/__init__.py", line 8, in <module>
    from tensorflow._api.v2.compat import v1
  File "/home/lodhar/.local/lib/python3.11/site-packages/tensorflow/_api/v2/compat/v1/__init__.py", line 32, in <module>
    from tensorflow._api.v2.compat.v1 import compat
  File "/home/lodhar/.local/lib/python3.11/site-packages/tensorflow/_api/v2/compat/v1/compat/__init__.py", line 8, in <module>
    from tensorflow._api.v2.compat.v1.compat import v1
  File "/home/lodhar/.local/lib/python3.11/site-packages/tensorflow/_api/v2/compat/v1/compat/v1/__init__.py", line 37, in <module>
    from tensorflow._api.v2.compat.v1 import distributions
  File "/home/lodhar/.local/lib/python3.11/site-packages/tensorflow/_api/v2/compat/v1/distributions/__init__.py", line 8, in <module>
    from tensorflow.python.ops.distributions.bernoulli import Bernoulli # line: 31
    ^^^^^^^^^^^^^^^^^^^^^^^^^^^^^^^^^^^^^^^^^^^^^^^^^^^^^^^^^^^^^^^^^^^
  File "/home/lodhar/.local/lib/python3.11/site-packages/tensorflow/python/ops/distributions/__init__.py", line 16, in <module>
    from tensorflow.python.ops.distributions import distributions
  File "/home/lodhar/.local/lib/python3.11/site-packages/tensorflow/python/ops/distributions/distributions.py", line 24, in <module>
    from tensorflow.python.ops.distributions.dirichlet import Dirichlet
  File "/home/lodhar/.local/lib/python3.11/site-packages/tensorflow/python/ops/distributions/dirichlet.py", line 45, in <module>
    class Dirichlet(distribution.Distribution):
  File "/home/lodhar/.local/lib/python3.11/site-packages/tensorflow/python/ops/distributions/dirichlet.py", line 160, in Dirichlet
    @deprecation.deprecated(
     ^^^^^^^^^^^^^^^^^^^^^^^
  File "/home/lodhar/.local/lib/python3.11/site-packages/tensorflow/python/util/deprecation.py", line 368, in deprecated_wrapper
    @_wrap_decorator(func, 'deprecated')
     ^^^^^^^^^^^^^^^^^^^^^^^^^^^^^^^^^^^
  File "/home/lodhar/.local/lib/python3.11/site-packages/tensorflow/python/util/deprecation.py", line 158, in wrapper
    return tf_decorator.make_decorator(wrapped_function, wrapper_func,
           ^^^^^^^^^^^^^^^^^^^^^^^^^^^^^^^^^^^^^^^^^^^^^^^^^^^^^^^^^^^
  File "/home/lodhar/.local/lib/python3.11/site-packages/tensorflow/python/util/tf_decorator.py", line 163, in make_decorator
    signature = inspect.signature(target)
                ^^^^^^^^^^^^^^^^^^^^^^^^^
  File "/opt/python/3.11.3/lib/python3.11/inspect.py", line 3279, in signature
    return Signature.from_callable(obj, follow_wrapped=follow_wrapped,
           ^^^^^^^^^^^^^^^^^^^^^^^^^^^^^^^^^^^^^^^^^^^^^^^^^^^^^^^^^^^
  File "/opt/python/3.11.3/lib/python3.11/inspect.py", line 3027, in from_callable
    return _signature_from_callable(obj, sigcls=cls,
           ^^^^^^^^^^^^^^^^^^^^^^^^^^^^^^^^^^^^^^^^^
  File "/opt/python/3.11.3/lib/python3.11/inspect.py", line 2514, in _signature_from_callable
    return _signature_from_function(sigcls, obj,
           ^^^^^^^^^^^^^^^^^^^^^^^^^^^^^^^^^^^^^
  File "/opt/python/3.11.3/lib/python3.11/inspect.py", line 2421, in _signature_from_function
    return cls(parameters,
           ^^^^^^^^^^^^^^^
  File "/opt/python/3.11.3/lib/python3.11/inspect.py", line 2969, in __init__
    def __init__(self, parameters=None, *, return_annotation=_empty,

KeyboardInterrupt
2024-03-08 21:01:56.590779: I tensorflow/core/util/port.cc:113] oneDNN custom operations are on. You may see slightly different numerical results due to floating-point round-off errors from different computation orders. To turn them off, set the environment variable `TF_ENABLE_ONEDNN_OPTS=0`.
2024-03-08 21:01:56.595031: I external/local_tsl/tsl/cuda/cudart_stub.cc:31] Could not find cuda drivers on your machine, GPU will not be used.
2024-03-08 21:01:56.676728: E external/local_xla/xla/stream_executor/cuda/cuda_dnn.cc:9261] Unable to register cuDNN factory: Attempting to register factory for plugin cuDNN when one has already been registered
2024-03-08 21:01:56.677290: E external/local_xla/xla/stream_executor/cuda/cuda_fft.cc:607] Unable to register cuFFT factory: Attempting to register factory for plugin cuFFT when one has already been registered
2024-03-08 21:01:56.679212: E external/local_xla/xla/stream_executor/cuda/cuda_blas.cc:1515] Unable to register cuBLAS factory: Attempting to register factory for plugin cuBLAS when one has already been registered
2024-03-08 21:01:56.690034: I external/local_tsl/tsl/cuda/cudart_stub.cc:31] Could not find cuda drivers on your machine, GPU will not be used.
2024-03-08 21:01:56.690657: I tensorflow/core/platform/cpu_feature_guard.cc:182] This TensorFlow binary is optimized to use available CPU instructions in performance-critical operations.
To enable the following instructions: AVX2 AVX512F AVX512_VNNI FMA, in other operations, rebuild TensorFlow with the appropriate compiler flags.
2024-03-08 21:01:58.883517: W tensorflow/compiler/tf2tensorrt/utils/py_utils.cc:38] TF-TRT Warning: Could not find TensorRT
Model: "3dcnn"
_________________________________________________________________
 Layer (type)                Output Shape              Param #   
=================================================================
 input_1 (InputLayer)        [(None, 128, 128, 64, 1   0         
                             )]                                  
                                                                 
 conv3d (Conv3D)             (None, 126, 126, 62, 64   1792      
                             )                                   
                                                                 
 max_pooling3d (MaxPooling3  (None, 63, 63, 31, 64)    0         
 D)                                                              
                                                                 
 batch_normalization (Batch  (None, 63, 63, 31, 64)    256       
 Normalization)                                                  
                                                                 
 conv3d_1 (Conv3D)           (None, 61, 61, 29, 64)    110656    
                                                                 
 max_pooling3d_1 (MaxPoolin  (None, 30, 30, 14, 64)    0         
 g3D)                                                            
                                                                 
 batch_normalization_1 (Bat  (None, 30, 30, 14, 64)    256       
 chNormalization)                                                
                                                                 
 conv3d_2 (Conv3D)           (None, 28, 28, 12, 128)   221312    
                                                                 
 max_pooling3d_2 (MaxPoolin  (None, 14, 14, 6, 128)    0         
 g3D)                                                            
                                                                 
 batch_normalization_2 (Bat  (None, 14, 14, 6, 128)    512       
 chNormalization)                                                
                                                                 
 conv3d_3 (Conv3D)           (None, 12, 12, 4, 256)    884992    
                                                                 
 max_pooling3d_3 (MaxPoolin  (None, 6, 6, 2, 256)      0         
 g3D)                                                            
                                                                 
 batch_normalization_3 (Bat  (None, 6, 6, 2, 256)      1024      
 chNormalization)                                                
                                                                 
 global_average_pooling3d (  (None, 256)               0         
 GlobalAveragePooling3D)                                         
                                                                 
 dense (Dense)               (None, 512)               131584    
                                                                 
 dropout (Dropout)           (None, 512)               0         
                                                                 
 dense_1 (Dense)             (None, 1)                 513       
                                                                 
=================================================================
Total params: 1352897 (5.16 MB)
Trainable params: 1351873 (5.16 MB)
Non-trainable params: 1024 (4.00 KB)
_________________________________________________________________
Epoch 1/100
/home/lodhar/.local/lib/python3.11/site-packages/keras/src/engine/training.py:3103: UserWarning: You are saving your model as an HDF5 file via `model.save()`. This file format is considered legacy. We recommend using instead the native Keras format, e.g. `model.save('my_model.keras')`.
  saving_api.save_model(
144/144 - 66s - loss: 0.7188 - acc: 0.5243 - val_loss: 0.6935 - val_acc: 0.5210 - 66s/epoch - 456ms/step
Epoch 2/100
144/144 - 63s - loss: 0.7076 - acc: 0.5347 - val_loss: 0.7051 - val_acc: 0.4622 - 63s/epoch - 438ms/step
Epoch 3/100
144/144 - 62s - loss: 0.6987 - acc: 0.5694 - val_loss: 0.8889 - val_acc: 0.5210 - 62s/epoch - 434ms/step
Epoch 4/100
144/144 - 63s - loss: 0.6850 - acc: 0.5868 - val_loss: 0.6899 - val_acc: 0.5294 - 63s/epoch - 438ms/step
Epoch 5/100
144/144 - 66s - loss: 0.6970 - acc: 0.5382 - val_loss: 0.6788 - val_acc: 0.5210 - 66s/epoch - 458ms/step
Epoch 6/100
144/144 - 59s - loss: 0.6992 - acc: 0.5278 - val_loss: 0.7088 - val_acc: 0.4874 - 59s/epoch - 408ms/step
Epoch 7/100
144/144 - 62s - loss: 0.6765 - acc: 0.5833 - val_loss: 0.7469 - val_acc: 0.5210 - 62s/epoch - 432ms/step
Epoch 8/100
144/144 - 65s - loss: 0.6855 - acc: 0.5833 - val_loss: 0.7748 - val_acc: 0.5378 - 65s/epoch - 449ms/step
Epoch 9/100
144/144 - 68s - loss: 0.6956 - acc: 0.5521 - val_loss: 2.4178 - val_acc: 0.4790 - 68s/epoch - 469ms/step
Epoch 10/100
144/144 - 63s - loss: 0.6801 - acc: 0.5417 - val_loss: 0.6943 - val_acc: 0.5042 - 63s/epoch - 435ms/step
Epoch 11/100
144/144 - 64s - loss: 0.6768 - acc: 0.5868 - val_loss: 0.7279 - val_acc: 0.5294 - 64s/epoch - 442ms/step
Epoch 12/100
144/144 - 59s - loss: 0.6790 - acc: 0.5903 - val_loss: 0.7742 - val_acc: 0.5294 - 59s/epoch - 411ms/step
Epoch 13/100
144/144 - 62s - loss: 0.6785 - acc: 0.5660 - val_loss: 0.6852 - val_acc: 0.5714 - 62s/epoch - 428ms/step
Epoch 14/100
144/144 - 60s - loss: 0.6784 - acc: 0.6111 - val_loss: 0.6767 - val_acc: 0.6303 - 60s/epoch - 419ms/step
Epoch 15/100
144/144 - 62s - loss: 0.6658 - acc: 0.5972 - val_loss: 0.6727 - val_acc: 0.5714 - 62s/epoch - 429ms/step
Epoch 16/100
144/144 - 60s - loss: 0.6660 - acc: 0.5590 - val_loss: 0.9873 - val_acc: 0.5294 - 60s/epoch - 414ms/step
Epoch 17/100
144/144 - 60s - loss: 0.6771 - acc: 0.5660 - val_loss: 0.6981 - val_acc: 0.5462 - 60s/epoch - 420ms/step
Epoch 18/100
144/144 - 60s - loss: 0.6711 - acc: 0.5625 - val_loss: 0.9683 - val_acc: 0.4874 - 60s/epoch - 417ms/step
Epoch 19/100
144/144 - 60s - loss: 0.6555 - acc: 0.5938 - val_loss: 0.8134 - val_acc: 0.5294 - 60s/epoch - 416ms/step
Epoch 20/100
144/144 - 62s - loss: 0.6660 - acc: 0.5660 - val_loss: 0.7302 - val_acc: 0.5630 - 62s/epoch - 433ms/step
Epoch 21/100
144/144 - 63s - loss: 0.6692 - acc: 0.5486 - val_loss: 0.7120 - val_acc: 0.5966 - 63s/epoch - 439ms/step
Epoch 22/100
144/144 - 62s - loss: 0.6552 - acc: 0.6076 - val_loss: 0.7539 - val_acc: 0.4790 - 62s/epoch - 430ms/step
Epoch 23/100
144/144 - 66s - loss: 0.6487 - acc: 0.6285 - val_loss: 0.8404 - val_acc: 0.5714 - 66s/epoch - 457ms/step
Epoch 24/100
144/144 - 61s - loss: 0.6426 - acc: 0.6250 - val_loss: 0.7032 - val_acc: 0.5714 - 61s/epoch - 426ms/step
Epoch 25/100
144/144 - 61s - loss: 0.6586 - acc: 0.6007 - val_loss: 0.7072 - val_acc: 0.5798 - 61s/epoch - 425ms/step
Epoch 26/100
144/144 - 63s - loss: 0.6392 - acc: 0.6146 - val_loss: 0.8030 - val_acc: 0.5630 - 63s/epoch - 436ms/step
Epoch 27/100
144/144 - 57s - loss: 0.6339 - acc: 0.6389 - val_loss: 0.7285 - val_acc: 0.5966 - 57s/epoch - 395ms/step
Epoch 28/100
144/144 - 62s - loss: 0.6280 - acc: 0.6181 - val_loss: 0.7524 - val_acc: 0.5294 - 62s/epoch - 432ms/step
Epoch 29/100
144/144 - 61s - loss: 0.6456 - acc: 0.5972 - val_loss: 1.1771 - val_acc: 0.4958 - 61s/epoch - 425ms/step
Epoch 30/100
144/144 - 62s - loss: 0.6097 - acc: 0.6736 - val_loss: 1.5432 - val_acc: 0.4874 - 62s/epoch - 432ms/step
Epoch 31/100
144/144 - 68s - loss: 0.6445 - acc: 0.6319 - val_loss: 0.7414 - val_acc: 0.5210 - 68s/epoch - 474ms/step
Epoch 32/100
144/144 - 68s - loss: 0.6290 - acc: 0.6597 - val_loss: 0.8059 - val_acc: 0.5630 - 68s/epoch - 474ms/step
Epoch 33/100
144/144 - 65s - loss: 0.6204 - acc: 0.6389 - val_loss: 0.7913 - val_acc: 0.4958 - 65s/epoch - 453ms/step
Epoch 34/100
144/144 - 65s - loss: 0.6151 - acc: 0.6424 - val_loss: 0.7303 - val_acc: 0.5210 - 65s/epoch - 452ms/step
Epoch 35/100
144/144 - 62s - loss: 0.5848 - acc: 0.7049 - val_loss: 0.7417 - val_acc: 0.5294 - 62s/epoch - 431ms/step
Epoch 36/100
144/144 - 63s - loss: 0.6107 - acc: 0.6806 - val_loss: 0.8100 - val_acc: 0.5630 - 63s/epoch - 441ms/step
Epoch 37/100
144/144 - 65s - loss: 0.5908 - acc: 0.6597 - val_loss: 0.7700 - val_acc: 0.5462 - 65s/epoch - 449ms/step
Epoch 38/100
144/144 - 65s - loss: 0.6077 - acc: 0.6771 - val_loss: 0.7720 - val_acc: 0.5798 - 65s/epoch - 452ms/step
Epoch 39/100
144/144 - 60s - loss: 0.6007 - acc: 0.6736 - val_loss: 0.7419 - val_acc: 0.5462 - 60s/epoch - 416ms/step
2024-03-08 21:51:30.790896: I tensorflow/core/util/port.cc:113] oneDNN custom operations are on. You may see slightly different numerical results due to floating-point round-off errors from different computation orders. To turn them off, set the environment variable `TF_ENABLE_ONEDNN_OPTS=0`.
2024-03-08 21:51:30.795180: I external/local_tsl/tsl/cuda/cudart_stub.cc:31] Could not find cuda drivers on your machine, GPU will not be used.
2024-03-08 21:51:30.875339: E external/local_xla/xla/stream_executor/cuda/cuda_dnn.cc:9261] Unable to register cuDNN factory: Attempting to register factory for plugin cuDNN when one has already been registered
2024-03-08 21:51:30.875867: E external/local_xla/xla/stream_executor/cuda/cuda_fft.cc:607] Unable to register cuFFT factory: Attempting to register factory for plugin cuFFT when one has already been registered
2024-03-08 21:51:30.877884: E external/local_xla/xla/stream_executor/cuda/cuda_blas.cc:1515] Unable to register cuBLAS factory: Attempting to register factory for plugin cuBLAS when one has already been registered
2024-03-08 21:51:30.888876: I external/local_tsl/tsl/cuda/cudart_stub.cc:31] Could not find cuda drivers on your machine, GPU will not be used.
2024-03-08 21:51:30.889474: I tensorflow/core/platform/cpu_feature_guard.cc:182] This TensorFlow binary is optimized to use available CPU instructions in performance-critical operations.
To enable the following instructions: AVX2 AVX512F AVX512_VNNI FMA, in other operations, rebuild TensorFlow with the appropriate compiler flags.
2024-03-08 21:51:33.453908: W tensorflow/compiler/tf2tensorrt/utils/py_utils.cc:38] TF-TRT Warning: Could not find TensorRT
Traceback (most recent call last):
  File "/home/lodhar/afib-dl/3DCNN/val.py", line 14, in <module>
    with open('/home/lodhar/afib-dl/data/train.pkl', 'rb') as file:
         ^^^^^^^^^^^^^^^^^^^^^^^^^^^^^^^^^^^^^^^^^^^^^^^^^
FileNotFoundError: [Errno 2] No such file or directory: '/home/lodhar/afib-dl/data/train.pkl'
2024-03-08 21:56:03.317301: I tensorflow/core/util/port.cc:113] oneDNN custom operations are on. You may see slightly different numerical results due to floating-point round-off errors from different computation orders. To turn them off, set the environment variable `TF_ENABLE_ONEDNN_OPTS=0`.
2024-03-08 21:56:03.321805: I external/local_tsl/tsl/cuda/cudart_stub.cc:31] Could not find cuda drivers on your machine, GPU will not be used.
2024-03-08 21:56:03.405159: E external/local_xla/xla/stream_executor/cuda/cuda_dnn.cc:9261] Unable to register cuDNN factory: Attempting to register factory for plugin cuDNN when one has already been registered
2024-03-08 21:56:03.405761: E external/local_xla/xla/stream_executor/cuda/cuda_fft.cc:607] Unable to register cuFFT factory: Attempting to register factory for plugin cuFFT when one has already been registered
2024-03-08 21:56:03.407798: E external/local_xla/xla/stream_executor/cuda/cuda_blas.cc:1515] Unable to register cuBLAS factory: Attempting to register factory for plugin cuBLAS when one has already been registered
2024-03-08 21:56:03.418832: I external/local_tsl/tsl/cuda/cudart_stub.cc:31] Could not find cuda drivers on your machine, GPU will not be used.
2024-03-08 21:56:03.419405: I tensorflow/core/platform/cpu_feature_guard.cc:182] This TensorFlow binary is optimized to use available CPU instructions in performance-critical operations.
To enable the following instructions: AVX2 AVX512F AVX512_VNNI FMA, in other operations, rebuild TensorFlow with the appropriate compiler flags.
2024-03-08 21:56:05.968300: W tensorflow/compiler/tf2tensorrt/utils/py_utils.cc:38] TF-TRT Warning: Could not find TensorRT
Traceback (most recent call last):
  File "/home/lodhar/afib-dl/3DCNN/val.py", line 14, in <module>
    with open('/home/lodhar/afib-dl/data/processed/train.pkl', 'rb') as file:
         ^^^^^^^^^^^^^^^^^^^^^^^^^^^^^^^^^^^^^^^^^^^^^^^^^^^^^^^^^^^
FileNotFoundError: [Errno 2] No such file or directory: '/home/lodhar/afib-dl/data/processed/train.pkl'
2024-03-08 21:56:58.846982: I tensorflow/core/util/port.cc:113] oneDNN custom operations are on. You may see slightly different numerical results due to floating-point round-off errors from different computation orders. To turn them off, set the environment variable `TF_ENABLE_ONEDNN_OPTS=0`.
2024-03-08 21:56:58.851477: I external/local_tsl/tsl/cuda/cudart_stub.cc:31] Could not find cuda drivers on your machine, GPU will not be used.
2024-03-08 21:56:58.934240: E external/local_xla/xla/stream_executor/cuda/cuda_dnn.cc:9261] Unable to register cuDNN factory: Attempting to register factory for plugin cuDNN when one has already been registered
2024-03-08 21:56:58.934837: E external/local_xla/xla/stream_executor/cuda/cuda_fft.cc:607] Unable to register cuFFT factory: Attempting to register factory for plugin cuFFT when one has already been registered
2024-03-08 21:56:58.936846: E external/local_xla/xla/stream_executor/cuda/cuda_blas.cc:1515] Unable to register cuBLAS factory: Attempting to register factory for plugin cuBLAS when one has already been registered
2024-03-08 21:56:58.947916: I external/local_tsl/tsl/cuda/cudart_stub.cc:31] Could not find cuda drivers on your machine, GPU will not be used.
2024-03-08 21:56:58.948535: I tensorflow/core/platform/cpu_feature_guard.cc:182] This TensorFlow binary is optimized to use available CPU instructions in performance-critical operations.
To enable the following instructions: AVX2 AVX512F AVX512_VNNI FMA, in other operations, rebuild TensorFlow with the appropriate compiler flags.
2024-03-08 21:57:01.339623: W tensorflow/compiler/tf2tensorrt/utils/py_utils.cc:38] TF-TRT Warning: Could not find TensorRT
Model: "3dcnn"
_________________________________________________________________
 Layer (type)                Output Shape              Param #   
=================================================================
 input_1 (InputLayer)        [(None, 128, 128, 64, 1   0         
                             )]                                  
                                                                 
 conv3d (Conv3D)             (None, 126, 126, 62, 64   1792      
                             )                                   
                                                                 
 max_pooling3d (MaxPooling3  (None, 63, 63, 31, 64)    0         
 D)                                                              
                                                                 
 batch_normalization (Batch  (None, 63, 63, 31, 64)    256       
 Normalization)                                                  
                                                                 
 conv3d_1 (Conv3D)           (None, 61, 61, 29, 64)    110656    
                                                                 
 max_pooling3d_1 (MaxPoolin  (None, 30, 30, 14, 64)    0         
 g3D)                                                            
                                                                 
 batch_normalization_1 (Bat  (None, 30, 30, 14, 64)    256       
 chNormalization)                                                
                                                                 
 conv3d_2 (Conv3D)           (None, 28, 28, 12, 128)   221312    
                                                                 
 max_pooling3d_2 (MaxPoolin  (None, 14, 14, 6, 128)    0         
 g3D)                                                            
                                                                 
 batch_normalization_2 (Bat  (None, 14, 14, 6, 128)    512       
 chNormalization)                                                
                                                                 
 conv3d_3 (Conv3D)           (None, 12, 12, 4, 256)    884992    
                                                                 
 max_pooling3d_3 (MaxPoolin  (None, 6, 6, 2, 256)      0         
 g3D)                                                            
                                                                 
 batch_normalization_3 (Bat  (None, 6, 6, 2, 256)      1024      
 chNormalization)                                                
                                                                 
 global_average_pooling3d (  (None, 256)               0         
 GlobalAveragePooling3D)                                         
                                                                 
 dense (Dense)               (None, 512)               131584    
                                                                 
 dropout (Dropout)           (None, 512)               0         
                                                                 
 dense_1 (Dense)             (None, 1)                 513       
                                                                 
=================================================================
Total params: 1352897 (5.16 MB)
Trainable params: 1351873 (5.16 MB)
Non-trainable params: 1024 (4.00 KB)
_________________________________________________________________
Epoch 1/100
/home/lodhar/.local/lib/python3.11/site-packages/keras/src/engine/training.py:3103: UserWarning: You are saving your model as an HDF5 file via `model.save()`. This file format is considered legacy. We recommend using instead the native Keras format, e.g. `model.save('my_model.keras')`.
  saving_api.save_model(
144/144 - 66s - loss: 0.7183 - acc: 0.4757 - val_loss: 0.8524 - val_acc: 0.4790 - 66s/epoch - 460ms/step
Epoch 2/100
144/144 - 63s - loss: 0.7130 - acc: 0.4688 - val_loss: 0.6913 - val_acc: 0.5294 - 63s/epoch - 438ms/step
Epoch 3/100
144/144 - 70s - loss: 0.7057 - acc: 0.5069 - val_loss: 1.2796 - val_acc: 0.4790 - 70s/epoch - 488ms/step
Epoch 4/100
144/144 - 66s - loss: 0.7067 - acc: 0.5312 - val_loss: 0.6964 - val_acc: 0.5462 - 66s/epoch - 461ms/step
Epoch 5/100
144/144 - 71s - loss: 0.6874 - acc: 0.5312 - val_loss: 0.8377 - val_acc: 0.5546 - 71s/epoch - 492ms/step
Epoch 6/100
