vandyniftibest/10403.nii.gz already exists
vandyniftibest/10407.nii.gz already exists
vandyniftibest/10411.nii.gz already exists
vandyniftibest/10415.nii.gz already exists
vandyniftibest/10423.nii.gz already exists
vandyniftibest/10488.nii.gz already exists
vandyniftibest/10489.nii.gz already exists
vandyniftibest/10502.nii.gz already exists
vandyniftibest/10535.nii.gz already exists
vandyniftibest/10547.nii.gz already exists
vandyniftibest/10555.nii.gz already exists
vandyniftibest/10577.nii.gz already exists
vandyniftibest/10593.nii.gz already exists
vandyniftibest/10599.nii.gz already exists
vandyniftibest/10602.nii.gz already exists
vandyniftibest/10603.nii.gz already exists
vandyniftibest/10615.nii.gz already exists
vandyniftibest/10637.nii.gz already exists
vandyniftibest/10650.nii.gz already exists
vandyniftibest/10653.nii.gz already exists
vandyniftibest/10657.nii.gz already exists
vandyniftibest/10681.nii.gz already exists
vandyniftibest/10685.nii.gz already exists
vandyniftibest/10689.nii.gz already exists
vandyniftibest/10697.nii.gz already exists
vandyniftibest/10702.nii.gz already exists
vandyniftibest/11924.nii.gz already exists
vandyniftibest/11926.nii.gz already exists
vandyniftibest/11927.nii.gz already exists
vandyniftibest/11929.nii.gz already exists
vandyniftibest/11930.nii.gz already exists
vandyniftibest/11935.nii.gz already exists
vandyniftibest/11936.nii.gz already exists
vandyniftibest/11940.nii.gz already exists
vandyniftibest/11941.nii.gz already exists
vandyniftibest/11943.nii.gz already exists
vandyniftibest/11945.nii.gz already exists
vandyniftibest/11947.nii.gz already exists
vandyniftibest/11953.nii.gz already exists
vandyniftibest/11955.nii.gz already exists
vandyniftibest/11956.nii.gz already exists
vandyniftibest/11959.nii.gz already exists
vandyniftibest/11960.nii.gz already exists
vandyniftibest/11964.nii.gz already exists
vandyniftibest/11967.nii.gz already exists
vandyniftibest/11969.nii.gz already exists
vandyniftibest/11974.nii.gz already exists
vandyniftibest/11471.nii.gz already exists
vandyniftibest/11476.nii.gz already exists
vandyniftibest/11477.nii.gz already exists
vandyniftibest/11479.nii.gz already exists
vandyniftibest/11480.nii.gz already exists
vandyniftibest/11481.nii.gz already exists
vandyniftibest/11482.nii.gz already exists
vandyniftibest/11483.nii.gz already exists
vandyniftibest/11487.nii.gz already exists
vandyniftibest/11500.nii.gz already exists
vandyniftibest/11501.nii.gz already exists
vandyniftibest/11503.nii.gz already exists
vandyniftibest/11504.nii.gz already exists
vandyniftibest/11505.nii.gz already exists
vandyniftibest/11506.nii.gz already exists
vandyniftibest/11509.nii.gz not copied
vandyniftibest/11510.nii.gz already exists
vandyniftibest/11513.nii.gz already exists
vandyniftibest/11514.nii.gz already exists
vandyniftibest/11515.nii.gz already exists
vandyniftibest/11516.nii.gz already exists
vandyniftibest/11522.nii.gz already exists
vandyniftibest/11527.nii.gz already exists
vandyniftibest/11528.nii.gz already exists
vandyniftibest/11529.nii.gz already exists
vandyniftibest/11531.nii.gz already exists
vandyniftibest/12504.nii.gz already exists
vandyniftibest/12506.nii.gz already exists
vandyniftibest/12508.nii.gz already exists
vandyniftibest/12510.nii.gz already exists
vandyniftibest/12514.nii.gz already exists
vandyniftibest/12520.nii.gz already exists
vandyniftibest/12522.nii.gz already exists
vandyniftibest/12526.nii.gz already exists
vandyniftibest/12529.nii.gz already exists
vandyniftibest/12538.nii.gz already exists
vandyniftibest/12545.nii.gz already exists
vandyniftibest/12546.nii.gz already exists
vandyniftibest/12549.nii.gz already exists
vandyniftibest/12553.nii.gz already exists
vandyniftibest/12554.nii.gz already exists
vandyniftibest/12558.nii.gz already exists
vandyniftibest/12560.nii.gz already exists
vandyniftibest/12573.nii.gz already exists
vandyniftibest/12574.nii.gz already exists
vandyniftibest/12575.nii.gz already exists
vandyniftibest/12580.nii.gz already exists
vandyniftibest/12581.nii.gz already exists
vandyniftibest/11213.nii.gz already exists
vandyniftibest/11217.nii.gz already exists
vandyniftibest/11219.nii.gz already exists
vandyniftibest/11220.nii.gz already exists
vandyniftibest/11221.nii.gz already exists
vandyniftibest/11223.nii.gz already exists
vandyniftibest/11224.nii.gz already exists
vandyniftibest/11227.nii.gz already exists
vandyniftibest/11233.nii.gz already exists
vandyniftibest/11234.nii.gz already exists
vandyniftibest/11235.nii.gz already exists
vandyniftibest/11236.nii.gz already exists
vandyniftibest/11238.nii.gz already exists
vandyniftibest/11239.nii.gz already exists
vandyniftibest/11241.nii.gz already exists
vandyniftibest/11242.nii.gz already exists
vandyniftibest/11247.nii.gz already exists
vandyniftibest/11251.nii.gz already exists
vandyniftibest/11254.nii.gz already exists
vandyniftibest/11255.nii.gz already exists
vandyniftibest/11256.nii.gz already exists
vandyniftibest/11257.nii.gz already exists
vandyniftibest/11258.nii.gz already exists
vandyniftibest/11259.nii.gz already exists
vandyniftibest/11260.nii.gz already exists
vandyniftibest/11261.nii.gz already exists
vandyniftibest/11263.nii.gz already exists
vandyniftibest/11266.nii.gz already exists
vandyniftibest/11270.nii.gz already exists
vandyniftibest/10704.nii.gz already exists
vandyniftibest/11081.nii.gz already exists
vandyniftibest/11162.nii.gz already exists
vandyniftibest/11211.nii.gz already exists
vandyniftibest/11271.nii.gz already exists
vandyniftibest/11323.nii.gz already exists
vandyniftibest/11407.nii.gz already exists
vandyniftibest/11467.nii.gz already exists
vandyniftibest/11532.nii.gz already exists
vandyniftibest/11600.nii.gz already exists
vandyniftibest/11677.nii.gz already exists
vandyniftibest/11751.nii.gz already exists
vandyniftibest/11840.nii.gz already exists
vandyniftibest/11923.nii.gz already exists
vandyniftibest/11976.nii.gz already exists
vandyniftibest/12034.nii.gz already exists
vandyniftibest/12091.nii.gz already exists
vandyniftibest/12181.nii.gz already exists
vandyniftibest/12246.nii.gz already exists
vandyniftibest/12337.nii.gz already exists
vandyniftibest/12414.nii.gz already exists
vandyniftibest/12503.nii.gz already exists
vandyniftibest/12589.nii.gz already exists
vandyniftibest/12667.nii.gz already exists
vandyniftibest/12725.nii.gz already exists
vandyniftibest/12808.nii.gz already exists
vandyniftibest/12875.nii.gz already exists
vandyniftibest/12982.nii.gz already exists
vandyniftibest/11756.nii.gz already exists
vandyniftibest/11757.nii.gz already exists
vandyniftibest/11761.nii.gz already exists
vandyniftibest/11762.nii.gz already exists
vandyniftibest/11763.nii.gz already exists
vandyniftibest/11764.nii.gz already exists
vandyniftibest/11766.nii.gz already exists
vandyniftibest/11768.nii.gz already exists
vandyniftibest/11769.nii.gz already exists
vandyniftibest/11770.nii.gz already exists
vandyniftibest/11779.nii.gz already exists
vandyniftibest/11780.nii.gz already exists
vandyniftibest/11782.nii.gz already exists
vandyniftibest/11786.nii.gz already exists
vandyniftibest/11788.nii.gz already exists
vandyniftibest/11789.nii.gz already exists
vandyniftibest/11792.nii.gz already exists
vandyniftibest/11793.nii.gz already exists
vandyniftibest/11796.nii.gz already exists
vandyniftibest/11800.nii.gz already exists
vandyniftibest/11805.nii.gz already exists
vandyniftibest/11807.nii.gz already exists
vandyniftibest/11811.nii.gz already exists
vandyniftibest/11815.nii.gz already exists
vandyniftibest/11819.nii.gz already exists
vandyniftibest/11822.nii.gz already exists
vandyniftibest/11824.nii.gz already exists
vandyniftibest/11826.nii.gz already exists
vandyniftibest/11829.nii.gz already exists
vandyniftibest/11833.nii.gz already exists
vandyniftibest/11836.nii.gz already exists
vandyniftibest/11837.nii.gz already exists
vandyniftibest/12184.nii.gz already exists
vandyniftibest/12189.nii.gz already exists
vandyniftibest/12191.nii.gz already exists
vandyniftibest/12193.nii.gz already exists
vandyniftibest/12194.nii.gz already exists
vandyniftibest/12195.nii.gz already exists
vandyniftibest/12196.nii.gz already exists
vandyniftibest/12197.nii.gz already exists
vandyniftibest/12201.nii.gz already exists
vandyniftibest/12202.nii.gz already exists
vandyniftibest/12205.nii.gz already exists
vandyniftibest/12213.nii.gz already exists
vandyniftibest/12220.nii.gz already exists
vandyniftibest/12222.nii.gz already exists
vandyniftibest/12228.nii.gz already exists
vandyniftibest/12230.nii.gz already exists
vandyniftibest/12231.nii.gz already exists
vandyniftibest/12236.nii.gz already exists
vandyniftibest/12244.nii.gz already exists
vandyniftibest/12812.nii.gz already exists
vandyniftibest/12815.nii.gz already exists
vandyniftibest/12817.nii.gz already exists
vandyniftibest/12821.nii.gz already exists
vandyniftibest/12824.nii.gz already exists
vandyniftibest/12828.nii.gz already exists
vandyniftibest/12829.nii.gz already exists
vandyniftibest/12831.nii.gz already exists
vandyniftibest/12833.nii.gz already exists
vandyniftibest/12835.nii.gz already exists
vandyniftibest/12839.nii.gz already exists
vandyniftibest/12840.nii.gz already exists
vandyniftibest/12841.nii.gz already exists
vandyniftibest/12842.nii.gz already exists
vandyniftibest/12843.nii.gz already exists
vandyniftibest/12845.nii.gz already exists
vandyniftibest/12847.nii.gz already exists
vandyniftibest/12849.nii.gz already exists
vandyniftibest/12850.nii.gz already exists
vandyniftibest/12854.nii.gz already exists
vandyniftibest/12858.nii.gz already exists
vandyniftibest/12863.nii.gz already exists
vandyniftibest/12868.nii.gz already exists
vandyniftibest/12873.nii.gz already exists
vandyniftibest/12874.nii.gz already exists
vandyniftibest/11601.nii.gz already exists
vandyniftibest/11602.nii.gz already exists
vandyniftibest/11604.nii.gz already exists
vandyniftibest/11606.nii.gz already exists
vandyniftibest/11607.nii.gz already exists
vandyniftibest/11608.nii.gz already exists
vandyniftibest/11610.nii.gz already exists
vandyniftibest/11612.nii.gz already exists
vandyniftibest/11617.nii.gz already exists
vandyniftibest/11618.nii.gz already exists
vandyniftibest/11620.nii.gz already exists
vandyniftibest/11622.nii.gz already exists
vandyniftibest/11625.nii.gz already exists
vandyniftibest/11627.nii.gz already exists
vandyniftibest/11630.nii.gz already exists
vandyniftibest/11632.nii.gz already exists
vandyniftibest/11633.nii.gz already exists
vandyniftibest/11634.nii.gz already exists
vandyniftibest/11635.nii.gz already exists
vandyniftibest/11637.nii.gz already exists
vandyniftibest/11638.nii.gz already exists
vandyniftibest/11646.nii.gz already exists
vandyniftibest/11650.nii.gz already exists
vandyniftibest/11652.nii.gz already exists
vandyniftibest/11653.nii.gz already exists
vandyniftibest/11656.nii.gz already exists
vandyniftibest/11659.nii.gz already exists
vandyniftibest/11662.nii.gz already exists
vandyniftibest/11664.nii.gz already exists
vandyniftibest/11671.nii.gz already exists
vandyniftibest/11672.nii.gz already exists
vandyniftibest/11675.nii.gz already exists
vandyniftibest/11676.nii.gz already exists
vandyniftibest/11087.nii.gz already exists
vandyniftibest/11104.nii.gz already exists
vandyniftibest/11108.nii.gz already exists
vandyniftibest/11110.nii.gz already exists
vandyniftibest/11111.nii.gz already exists
vandyniftibest/11113.nii.gz already exists
vandyniftibest/11119.nii.gz already exists
vandyniftibest/11121.nii.gz already exists
vandyniftibest/11123.nii.gz already exists
vandyniftibest/11126.nii.gz already exists
vandyniftibest/11129.nii.gz already exists
vandyniftibest/11130.nii.gz already exists
vandyniftibest/11131.nii.gz already exists
vandyniftibest/11138.nii.gz already exists
vandyniftibest/11139.nii.gz already exists
vandyniftibest/11142.nii.gz already exists
vandyniftibest/11143.nii.gz already exists
vandyniftibest/11144.nii.gz already exists
vandyniftibest/11145.nii.gz already exists
vandyniftibest/11149.nii.gz already exists
vandyniftibest/11150.nii.gz already exists
vandyniftibest/11151.nii.gz already exists
vandyniftibest/11154.nii.gz already exists
vandyniftibest/11161.nii.gz already exists
vandyniftibest/11326.nii.gz already exists
vandyniftibest/11327.nii.gz already exists
vandyniftibest/11328.nii.gz already exists
vandyniftibest/11331.nii.gz already exists
vandyniftibest/11332.nii.gz already exists
vandyniftibest/11334.nii.gz already exists
vandyniftibest/11336.nii.gz already exists
vandyniftibest/11338.nii.gz already exists
vandyniftibest/11339.nii.gz already exists
vandyniftibest/11340.nii.gz already exists
vandyniftibest/11341.nii.gz already exists
vandyniftibest/11342.nii.gz already exists
vandyniftibest/11355.nii.gz already exists
vandyniftibest/11356.nii.gz already exists
vandyniftibest/11357.nii.gz already exists
vandyniftibest/11358.nii.gz already exists
vandyniftibest/11373.nii.gz already exists
vandyniftibest/11375.nii.gz already exists
vandyniftibest/11376.nii.gz already exists
vandyniftibest/11377.nii.gz already exists
vandyniftibest/11380.nii.gz already exists
vandyniftibest/11386.nii.gz already exists
vandyniftibest/11387.nii.gz already exists
vandyniftibest/11394.nii.gz already exists
vandyniftibest/11395.nii.gz already exists
vandyniftibest/11401.nii.gz already exists
vandyniftibest/12339.nii.gz already exists
vandyniftibest/12344.nii.gz already exists
vandyniftibest/12346.nii.gz already exists
vandyniftibest/12347.nii.gz already exists
vandyniftibest/12348.nii.gz already exists
vandyniftibest/12349.nii.gz already exists
vandyniftibest/12352.nii.gz already exists
vandyniftibest/12357.nii.gz already exists
vandyniftibest/12359.nii.gz already exists
vandyniftibest/12360.nii.gz already exists
vandyniftibest/12364.nii.gz already exists
vandyniftibest/12365.nii.gz already exists
vandyniftibest/12375.nii.gz already exists
vandyniftibest/12382.nii.gz already exists
vandyniftibest/12390.nii.gz already exists
vandyniftibest/12395.nii.gz already exists
vandyniftibest/12399.nii.gz already exists
vandyniftibest/12402.nii.gz copied successfully
vandyniftibest/12405.nii.gz copied successfully
vandyniftibest/12409.nii.gz copied successfully
vandyniftibest/12411.nii.gz copied successfully
vandyniftibest/12413.nii.gz copied successfully
vandyniftibest/12986.nii.gz copied successfully
vandyniftibest/12987.nii.gz copied successfully
vandyniftibest/12988.nii.gz copied successfully
vandyniftibest/12993.nii.gz not copied
vandyniftibest/12996.nii.gz copied successfully
vandyniftibest/12997.nii.gz copied successfully
vandyniftibest/13001.nii.gz copied successfully
vandyniftibest/13002.nii.gz copied successfully
vandyniftibest/13006.nii.gz copied successfully
vandyniftibest/13062.nii.gz copied successfully
vandyniftibest/13072.nii.gz already exists
vandyniftibest/13076.nii.gz already exists
vandyniftibest/13094.nii.gz copied successfully
vandyniftibest/13114.nii.gz already exists
vandyniftibest/13147.nii.gz copied successfully
vandyniftibest/13148.nii.gz already exists
vandyniftibest/13154.nii.gz copied successfully
vandyniftibest/13188.nii.gz already exists
vandyniftibest/13204.nii.gz copied successfully
vandyniftibest/13216.nii.gz already exists
vandyniftibest/13223.nii.gz copied successfully
vandyniftibest/13242.nii.gz already exists
vandyniftibest/13250.nii.gz copied successfully
vandyniftibest/13258.nii.gz already exists
vandyniftibest/13327.nii.gz copied successfully
vandyniftibest/R10009.nii.gz already exists
vandyniftibest/R10060.nii.gz copied successfully
vandyniftibest/R10062.nii.gz already exists
vandyniftibest/R10078.nii.gz already exists
vandyniftibest/R10107.nii.gz copied successfully
vandyniftibest/R10267.nii.gz already exists
vandyniftibest/R10364.nii.gz copied successfully
vandyniftibest/R10403.nii.gz already exists
vandyniftibest/12036.nii.gz copied successfully
vandyniftibest/12042.nii.gz already exists
vandyniftibest/12043.nii.gz copied successfully
vandyniftibest/12044.nii.gz already exists
vandyniftibest/12045.nii.gz copied successfully
vandyniftibest/12046.nii.gz already exists
vandyniftibest/12047.nii.gz copied successfully
vandyniftibest/12049.nii.gz already exists
vandyniftibest/12051.nii.gz copied successfully
vandyniftibest/12052.nii.gz already exists
vandyniftibest/12056.nii.gz copied successfully
vandyniftibest/12057.nii.gz already exists
vandyniftibest/12058.nii.gz copied successfully
vandyniftibest/12059.nii.gz already exists
vandyniftibest/12060.nii.gz copied successfully
vandyniftibest/12062.nii.gz already exists
vandyniftibest/12064.nii.gz copied successfully
vandyniftibest/12065.nii.gz copied successfully
vandyniftibest/12067.nii.gz already exists
vandyniftibest/12068.nii.gz copied successfully
vandyniftibest/12073.nii.gz already exists
vandyniftibest/12076.nii.gz copied successfully
vandyniftibest/12077.nii.gz already exists
vandyniftibest/12080.nii.gz copied successfully
vandyniftibest/12082.nii.gz already exists
vandyniftibest/12086.nii.gz copied successfully
vandyniftibest/12087.nii.gz already exists
vandyniftibest/12089.nii.gz already exists
vandyniftibest/12090.nii.gz copied successfully
vandyniftibest/12674.nii.gz already exists
vandyniftibest/12675.nii.gz copied successfully
vandyniftibest/12677.nii.gz already exists
vandyniftibest/12679.nii.gz copied successfully
vandyniftibest/12682.nii.gz already exists
vandyniftibest/12683.nii.gz copied successfully
vandyniftibest/12687.nii.gz copied successfully
vandyniftibest/12688.nii.gz already exists
vandyniftibest/12692.nii.gz copied successfully
vandyniftibest/12695.nii.gz already exists
vandyniftibest/12697.nii.gz copied successfully
vandyniftibest/12698.nii.gz already exists
vandyniftibest/12699.nii.gz copied successfully
vandyniftibest/12700.nii.gz already exists
vandyniftibest/12702.nii.gz copied successfully
vandyniftibest/12710.nii.gz already exists
vandyniftibest/12711.nii.gz copied successfully
vandyniftibest/12715.nii.gz already exists
vandyniftibest/12718.nii.gz copied successfully
vandyniftibest/12719.nii.gz already exists
vandyniftibest/12721.nii.gz copied successfully
vandyniftibest/12722.nii.gz already exists
vandyniftibest/11841.nii.gz copied successfully
vandyniftibest/11842.nii.gz already exists
vandyniftibest/11847.nii.gz copied successfully
vandyniftibest/11849.nii.gz already exists
vandyniftibest/11852.nii.gz copied successfully
vandyniftibest/11860.nii.gz already exists
vandyniftibest/11861.nii.gz copied successfully
vandyniftibest/11863.nii.gz already exists
vandyniftibest/11864.nii.gz already exists
vandyniftibest/11870.nii.gz copied successfully
vandyniftibest/11872.nii.gz already exists
vandyniftibest/11873.nii.gz copied successfully
vandyniftibest/11874.nii.gz already exists
vandyniftibest/11877.nii.gz copied successfully
vandyniftibest/11880.nii.gz already exists
vandyniftibest/11882.nii.gz copied successfully
vandyniftibest/11883.nii.gz already exists
vandyniftibest/11884.nii.gz copied successfully
vandyniftibest/11885.nii.gz already exists
vandyniftibest/11886.nii.gz copied successfully
vandyniftibest/11889.nii.gz already exists
vandyniftibest/11893.nii.gz copied successfully
vandyniftibest/11895.nii.gz already exists
vandyniftibest/11898.nii.gz copied successfully
vandyniftibest/11902.nii.gz copied successfully
vandyniftibest/11905.nii.gz already exists
vandyniftibest/11908.nii.gz copied successfully
vandyniftibest/11919.nii.gz already exists
vandyniftibest/11920.nii.gz copied successfully
vandyniftibest/11921.nii.gz copied successfully
vandyniftibest/11678.nii.gz already exists
vandyniftibest/11681.nii.gz copied successfully
vandyniftibest/11689.nii.gz already exists
vandyniftibest/11693.nii.gz copied successfully
vandyniftibest/11694.nii.gz already exists
vandyniftibest/11698.nii.gz copied successfully
vandyniftibest/11705.nii.gz already exists
vandyniftibest/11706.nii.gz copied successfully
vandyniftibest/11707.nii.gz already exists
vandyniftibest/11709.nii.gz copied successfully
vandyniftibest/11710.nii.gz already exists
vandyniftibest/11711.nii.gz already exists
vandyniftibest/11714.nii.gz copied successfully
vandyniftibest/11721.nii.gz copied successfully
vandyniftibest/11725.nii.gz already exists
vandyniftibest/11726.nii.gz copied successfully
vandyniftibest/11729.nii.gz already exists
vandyniftibest/11730.nii.gz already exists
vandyniftibest/11732.nii.gz copied successfully
vandyniftibest/11740.nii.gz already exists
vandyniftibest/11741.nii.gz copied successfully
vandyniftibest/11742.nii.gz already exists
vandyniftibest/11746.nii.gz copied successfully
vandyniftibest/11747.nii.gz already exists
vandyniftibest/11748.nii.gz copied successfully
vandyniftibest/11750.nii.gz already exists
vandyniftibest/11533.nii.gz copied successfully
vandyniftibest/11538.nii.gz already exists
vandyniftibest/11540.nii.gz copied successfully
vandyniftibest/11541.nii.gz already exists
vandyniftibest/11542.nii.gz copied successfully
vandyniftibest/11543.nii.gz already exists
vandyniftibest/11544.nii.gz copied successfully
vandyniftibest/11547.nii.gz already exists
vandyniftibest/11552.nii.gz copied successfully
vandyniftibest/11554.nii.gz already exists
vandyniftibest/11555.nii.gz copied successfully
vandyniftibest/11556.nii.gz already exists
vandyniftibest/11557.nii.gz copied successfully
vandyniftibest/11560.nii.gz already exists
vandyniftibest/11564.nii.gz copied successfully
vandyniftibest/11567.nii.gz already exists
vandyniftibest/11568.nii.gz already exists
vandyniftibest/11569.nii.gz copied successfully
vandyniftibest/11570.nii.gz copied successfully
vandyniftibest/11573.nii.gz already exists
vandyniftibest/11575.nii.gz copied successfully
vandyniftibest/11576.nii.gz already exists
vandyniftibest/11578.nii.gz copied successfully
vandyniftibest/11581.nii.gz already exists
vandyniftibest/11585.nii.gz copied successfully
vandyniftibest/11586.nii.gz already exists
vandyniftibest/11589.nii.gz copied successfully
vandyniftibest/11590.nii.gz already exists
vandyniftibest/11592.nii.gz copied successfully
vandyniftibest/11595.nii.gz already exists
vandyniftibest/11597.nii.gz copied successfully
vandyniftibest/11163.nii.gz already exists
vandyniftibest/11164.nii.gz copied successfully
vandyniftibest/11165.nii.gz already exists
vandyniftibest/11166.nii.gz copied successfully
vandyniftibest/11169.nii.gz copied successfully
vandyniftibest/11170.nii.gz already exists
vandyniftibest/11172.nii.gz copied successfully
vandyniftibest/11174.nii.gz already exists
vandyniftibest/11177.nii.gz copied successfully
vandyniftibest/11178.nii.gz already exists
vandyniftibest/11179.nii.gz copied successfully
vandyniftibest/11181.nii.gz already exists
vandyniftibest/11186.nii.gz copied successfully
vandyniftibest/11192.nii.gz already exists
vandyniftibest/11194.nii.gz copied successfully
vandyniftibest/11196.nii.gz already exists
vandyniftibest/11198.nii.gz copied successfully
vandyniftibest/11200.nii.gz already exists
vandyniftibest/11203.nii.gz copied successfully
vandyniftibest/11204.nii.gz already exists
vandyniftibest/11206.nii.gz copied successfully
vandyniftibest/11208.nii.gz already exists
vandyniftibest/11408.nii.gz copied successfully
vandyniftibest/11413.nii.gz already exists
vandyniftibest/11415.nii.gz copied successfully
vandyniftibest/11416.nii.gz already exists
vandyniftibest/11420.nii.gz copied successfully
vandyniftibest/11422.nii.gz already exists
vandyniftibest/11424.nii.gz copied successfully
vandyniftibest/11429.nii.gz already exists
vandyniftibest/11430.nii.gz copied successfully
vandyniftibest/11431.nii.gz already exists
vandyniftibest/11436.nii.gz copied successfully
vandyniftibest/11439.nii.gz already exists
vandyniftibest/11440.nii.gz already exists
vandyniftibest/11442.nii.gz copied successfully
vandyniftibest/11443.nii.gz already exists
vandyniftibest/11446.nii.gz copied successfully
vandyniftibest/11449.nii.gz copied successfully
vandyniftibest/11450.nii.gz already exists
vandyniftibest/11451.nii.gz already exists
vandyniftibest/11453.nii.gz copied successfully
vandyniftibest/11454.nii.gz already exists
vandyniftibest/11457.nii.gz copied successfully
vandyniftibest/11460.nii.gz already exists
vandyniftibest/11461.nii.gz copied successfully
vandyniftibest/11462.nii.gz already exists
vandyniftibest/11464.nii.gz copied successfully
vandyniftibest/11466.nii.gz already exists
vandyniftibest/10707.nii.gz copied successfully
vandyniftibest/10751.nii.gz copied successfully
vandyniftibest/10794.nii.gz copied successfully
vandyniftibest/10799.nii.gz copied successfully
vandyniftibest/10811.nii.gz copied successfully
vandyniftibest/10822.nii.gz copied successfully
vandyniftibest/10825.nii.gz copied successfully
vandyniftibest/10829.nii.gz copied successfully
vandyniftibest/10836.nii.gz copied successfully
vandyniftibest/10864.nii.gz copied successfully
vandyniftibest/10885.nii.gz copied successfully
vandyniftibest/10887.nii.gz copied successfully
vandyniftibest/10906.nii.gz copied successfully
vandyniftibest/10934.nii.gz copied successfully
vandyniftibest/10935.nii.gz copied successfully
vandyniftibest/10937.nii.gz copied successfully
vandyniftibest/10948.nii.gz copied successfully
vandyniftibest/10950.nii.gz copied successfully
vandyniftibest/10976.nii.gz copied successfully
vandyniftibest/10987.nii.gz copied successfully
vandyniftibest/10993.nii.gz copied successfully
vandyniftibest/11016.nii.gz copied successfully
vandyniftibest/11036.nii.gz copied successfully
vandyniftibest/11044.nii.gz copied successfully
vandyniftibest/11057.nii.gz copied successfully
vandyniftibest/11075.nii.gz copied successfully
vandyniftibest/11274.nii.gz copied successfully
vandyniftibest/11275.nii.gz copied successfully
vandyniftibest/11276.nii.gz copied successfully
vandyniftibest/11277.nii.gz copied successfully
vandyniftibest/11278.nii.gz copied successfully
vandyniftibest/11279.nii.gz copied successfully
vandyniftibest/11280.nii.gz copied successfully
vandyniftibest/11281.nii.gz copied successfully
vandyniftibest/11282.nii.gz copied successfully
vandyniftibest/11283.nii.gz copied successfully
vandyniftibest/11284.nii.gz copied successfully
vandyniftibest/11285.nii.gz copied successfully
vandyniftibest/11287.nii.gz copied successfully
vandyniftibest/11289.nii.gz copied successfully
vandyniftibest/11292.nii.gz copied successfully
vandyniftibest/11294.nii.gz copied successfully
vandyniftibest/11296.nii.gz copied successfully
vandyniftibest/11305.nii.gz copied successfully
vandyniftibest/11309.nii.gz copied successfully
vandyniftibest/11310.nii.gz copied successfully
vandyniftibest/11312.nii.gz copied successfully
vandyniftibest/11313.nii.gz copied successfully
vandyniftibest/11314.nii.gz copied successfully
vandyniftibest/11316.nii.gz copied successfully
vandyniftibest/11320.nii.gz copied successfully
vandyniftibest/12092.nii.gz copied successfully
vandyniftibest/12094.nii.gz copied successfully
vandyniftibest/12097.nii.gz copied successfully
vandyniftibest/12098.nii.gz copied successfully
vandyniftibest/12100.nii.gz copied successfully
vandyniftibest/12104.nii.gz copied successfully
vandyniftibest/12106.nii.gz copied successfully
vandyniftibest/12107.nii.gz copied successfully
vandyniftibest/12114.nii.gz copied successfully
vandyniftibest/12115.nii.gz copied successfully
vandyniftibest/12126.nii.gz copied successfully
vandyniftibest/12128.nii.gz copied successfully
vandyniftibest/12131.nii.gz copied successfully
vandyniftibest/12132.nii.gz copied successfully
vandyniftibest/12133.nii.gz copied successfully
vandyniftibest/12138.nii.gz copied successfully
vandyniftibest/12148.nii.gz copied successfully
vandyniftibest/12149.nii.gz copied successfully
vandyniftibest/12152.nii.gz copied successfully
vandyniftibest/12153.nii.gz copied successfully
vandyniftibest/12156.nii.gz copied successfully
vandyniftibest/12158.nii.gz copied successfully
vandyniftibest/12165.nii.gz copied successfully
vandyniftibest/12168.nii.gz copied successfully
vandyniftibest/12169.nii.gz copied successfully
vandyniftibest/12171.nii.gz copied successfully
vandyniftibest/12174.nii.gz copied successfully
vandyniftibest/12179.nii.gz copied successfully
vandyniftibest/12879.nii.gz copied successfully
vandyniftibest/12883.nii.gz copied successfully
vandyniftibest/12886.nii.gz copied successfully
vandyniftibest/12893.nii.gz copied successfully
vandyniftibest/12895.nii.gz copied successfully
vandyniftibest/12896.nii.gz copied successfully
vandyniftibest/12901.nii.gz copied successfully
vandyniftibest/12903.nii.gz copied successfully
vandyniftibest/12904.nii.gz copied successfully
vandyniftibest/12906.nii.gz copied successfully
vandyniftibest/12908.nii.gz copied successfully
vandyniftibest/12917.nii.gz copied successfully
vandyniftibest/12922.nii.gz copied successfully
vandyniftibest/12925.nii.gz copied successfully
vandyniftibest/12927.nii.gz copied successfully
vandyniftibest/12935.nii.gz copied successfully
vandyniftibest/12940.nii.gz copied successfully
vandyniftibest/12947.nii.gz copied successfully
vandyniftibest/12948.nii.gz copied successfully
vandyniftibest/12953.nii.gz copied successfully
vandyniftibest/12954.nii.gz copied successfully
vandyniftibest/12956.nii.gz copied successfully
vandyniftibest/12966.nii.gz copied successfully
vandyniftibest/12976.nii.gz copied successfully
vandyniftibest/12977.nii.gz copied successfully
vandyniftibest/12417.nii.gz copied successfully
vandyniftibest/12419.nii.gz copied successfully
vandyniftibest/12426.nii.gz copied successfully
vandyniftibest/12436.nii.gz copied successfully
vandyniftibest/12438.nii.gz copied successfully
vandyniftibest/12441.nii.gz copied successfully
vandyniftibest/12443.nii.gz copied successfully
vandyniftibest/12446.nii.gz copied successfully
vandyniftibest/12449.nii.gz copied successfully
vandyniftibest/12450.nii.gz copied successfully
vandyniftibest/12459.nii.gz copied successfully
vandyniftibest/12460.nii.gz copied successfully
vandyniftibest/12461.nii.gz copied successfully
vandyniftibest/12462.nii.gz copied successfully
vandyniftibest/12463.nii.gz copied successfully
vandyniftibest/12464.nii.gz copied successfully
vandyniftibest/12466.nii.gz copied successfully
vandyniftibest/12475.nii.gz copied successfully
vandyniftibest/12479.nii.gz copied successfully
vandyniftibest/12487.nii.gz copied successfully
vandyniftibest/12491.nii.gz copied successfully
vandyniftibest/12497.nii.gz copied successfully
vandyniftibest/12502.nii.gz copied successfully
vandyniftibest/12594.nii.gz copied successfully
vandyniftibest/12595.nii.gz copied successfully
vandyniftibest/12596.nii.gz copied successfully
vandyniftibest/12601.nii.gz copied successfully
vandyniftibest/12604.nii.gz copied successfully
vandyniftibest/12605.nii.gz copied successfully
vandyniftibest/12606.nii.gz copied successfully
vandyniftibest/12608.nii.gz copied successfully
vandyniftibest/12609.nii.gz copied successfully
vandyniftibest/12613.nii.gz copied successfully
vandyniftibest/12615.nii.gz copied successfully
vandyniftibest/12624.nii.gz copied successfully
vandyniftibest/12625.nii.gz copied successfully
vandyniftibest/12629.nii.gz copied successfully
vandyniftibest/12631.nii.gz copied successfully
vandyniftibest/12634.nii.gz copied successfully
vandyniftibest/12635.nii.gz copied successfully
vandyniftibest/12636.nii.gz copied successfully
vandyniftibest/12639.nii.gz copied successfully
vandyniftibest/12646.nii.gz copied successfully
vandyniftibest/12647.nii.gz copied successfully
vandyniftibest/12652.nii.gz copied successfully
vandyniftibest/12654.nii.gz copied successfully
vandyniftibest/12659.nii.gz copied successfully
vandyniftibest/12664.nii.gz copied successfully
vandyniftibest/12665.nii.gz copied successfully
vandyniftibest/11979.nii.gz copied successfully
vandyniftibest/11980.nii.gz copied successfully
vandyniftibest/11982.nii.gz copied successfully
vandyniftibest/11984.nii.gz copied successfully
vandyniftibest/11985.nii.gz copied successfully
vandyniftibest/11986.nii.gz copied successfully
vandyniftibest/11989.nii.gz copied successfully
vandyniftibest/11995.nii.gz copied successfully
vandyniftibest/11996.nii.gz copied successfully
vandyniftibest/11997.nii.gz copied successfully
vandyniftibest/11999.nii.gz copied successfully
vandyniftibest/12001.nii.gz copied successfully
vandyniftibest/12008.nii.gz copied successfully
vandyniftibest/12009.nii.gz copied successfully
vandyniftibest/12011.nii.gz copied successfully
vandyniftibest/12012.nii.gz copied successfully
vandyniftibest/12017.nii.gz copied successfully
vandyniftibest/12018.nii.gz copied successfully
vandyniftibest/12019.nii.gz copied successfully
vandyniftibest/12020.nii.gz copied successfully
vandyniftibest/12021.nii.gz copied successfully
vandyniftibest/12022.nii.gz copied successfully
vandyniftibest/12029.nii.gz copied successfully
vandyniftibest/12728.nii.gz copied successfully
vandyniftibest/12729.nii.gz copied successfully
vandyniftibest/12730.nii.gz copied successfully
vandyniftibest/12735.nii.gz copied successfully
vandyniftibest/12740.nii.gz copied successfully
vandyniftibest/12742.nii.gz copied successfully
vandyniftibest/12743.nii.gz copied successfully
vandyniftibest/12749.nii.gz copied successfully
vandyniftibest/12752.nii.gz copied successfully
vandyniftibest/12755.nii.gz copied successfully
vandyniftibest/12756.nii.gz copied successfully
vandyniftibest/12761.nii.gz copied successfully
vandyniftibest/12766.nii.gz copied successfully
vandyniftibest/12769.nii.gz copied successfully
vandyniftibest/12771.nii.gz copied successfully
vandyniftibest/12776.nii.gz copied successfully
vandyniftibest/12777.nii.gz copied successfully
vandyniftibest/12796.nii.gz copied successfully
vandyniftibest/12797.nii.gz copied successfully
vandyniftibest/12799.nii.gz copied successfully
vandyniftibest/12801.nii.gz copied successfully
vandyniftibest/12806.nii.gz copied successfully
vandyniftibest/12265.nii.gz copied successfully
vandyniftibest/12267.nii.gz copied successfully
vandyniftibest/12271.nii.gz copied successfully
vandyniftibest/12276.nii.gz copied successfully
vandyniftibest/12278.nii.gz copied successfully
vandyniftibest/12279.nii.gz copied successfully
vandyniftibest/12282.nii.gz copied successfully
vandyniftibest/12291.nii.gz copied successfully
vandyniftibest/12293.nii.gz copied successfully
vandyniftibest/12295.nii.gz copied successfully
vandyniftibest/12309.nii.gz copied successfully
vandyniftibest/12311.nii.gz copied successfully
vandyniftibest/12313.nii.gz copied successfully
vandyniftibest/12316.nii.gz copied successfully
vandyniftibest/12322.nii.gz copied successfully
vandyniftibest/12327.nii.gz copied successfully
vandyniftibest/12329.nii.gz copied successfully
vandyniftibest/12332.nii.gz copied successfully
vandyniftibest/10403.nii.gz already exists
vandyniftibest/10407.nii.gz already exists
vandyniftibest/10411.nii.gz already exists
vandyniftibest/10415.nii.gz already exists
vandyniftibest/10423.nii.gz already exists
vandyniftibest/10488.nii.gz already exists
vandyniftibest/10489.nii.gz already exists
vandyniftibest/10502.nii.gz already exists
vandyniftibest/10535.nii.gz already exists
vandyniftibest/10547.nii.gz already exists
vandyniftibest/10555.nii.gz already exists
vandyniftibest/10577.nii.gz already exists
vandyniftibest/10593.nii.gz already exists
vandyniftibest/10599.nii.gz already exists
vandyniftibest/10602.nii.gz already exists
vandyniftibest/10603.nii.gz already exists
vandyniftibest/10615.nii.gz already exists
vandyniftibest/10637.nii.gz already exists
vandyniftibest/10650.nii.gz already exists
vandyniftibest/10653.nii.gz already exists
vandyniftibest/10657.nii.gz already exists
vandyniftibest/10681.nii.gz already exists
vandyniftibest/10685.nii.gz already exists
vandyniftibest/10689.nii.gz already exists
vandyniftibest/10697.nii.gz already exists
vandyniftibest/10702.nii.gz already exists
vandyniftibest/11924.nii.gz already exists
vandyniftibest/11926.nii.gz already exists
vandyniftibest/11927.nii.gz already exists
vandyniftibest/11929.nii.gz already exists
vandyniftibest/11930.nii.gz already exists
vandyniftibest/11935.nii.gz already exists
vandyniftibest/11936.nii.gz already exists
vandyniftibest/11940.nii.gz already exists
vandyniftibest/11941.nii.gz already exists
vandyniftibest/11943.nii.gz already exists
vandyniftibest/11945.nii.gz already exists
vandyniftibest/11947.nii.gz already exists
vandyniftibest/11953.nii.gz already exists
vandyniftibest/11955.nii.gz already exists
vandyniftibest/11956.nii.gz already exists
vandyniftibest/11959.nii.gz already exists
vandyniftibest/11960.nii.gz already exists
vandyniftibest/11964.nii.gz already exists
vandyniftibest/11967.nii.gz already exists
vandyniftibest/11969.nii.gz already exists
vandyniftibest/11974.nii.gz already exists
vandyniftibest/11471.nii.gz already exists
vandyniftibest/11476.nii.gz already exists
vandyniftibest/11477.nii.gz already exists
vandyniftibest/11479.nii.gz already exists
vandyniftibest/11480.nii.gz already exists
vandyniftibest/11481.nii.gz already exists
vandyniftibest/11482.nii.gz already exists
vandyniftibest/11483.nii.gz already exists
vandyniftibest/11487.nii.gz already exists
vandyniftibest/11500.nii.gz already exists
vandyniftibest/11501.nii.gz already exists
vandyniftibest/11503.nii.gz already exists
vandyniftibest/11504.nii.gz already exists
vandyniftibest/11505.nii.gz already exists
vandyniftibest/11506.nii.gz already exists
vandyniftibest/11509.nii.gz not copied
vandyniftibest/11510.nii.gz already exists
vandyniftibest/11513.nii.gz already exists
vandyniftibest/11514.nii.gz already exists
vandyniftibest/11515.nii.gz already exists
vandyniftibest/11516.nii.gz already exists
vandyniftibest/11522.nii.gz already exists
vandyniftibest/11527.nii.gz already exists
vandyniftibest/11528.nii.gz already exists
vandyniftibest/11529.nii.gz already exists
vandyniftibest/11531.nii.gz already exists
vandyniftibest/12504.nii.gz already exists
vandyniftibest/12506.nii.gz already exists
vandyniftibest/12508.nii.gz already exists
vandyniftibest/12510.nii.gz already exists
vandyniftibest/12514.nii.gz already exists
vandyniftibest/12520.nii.gz already exists
vandyniftibest/12522.nii.gz already exists
vandyniftibest/12526.nii.gz already exists
vandyniftibest/12529.nii.gz already exists
vandyniftibest/12538.nii.gz already exists
vandyniftibest/12545.nii.gz already exists
vandyniftibest/12546.nii.gz already exists
vandyniftibest/12549.nii.gz already exists
vandyniftibest/12553.nii.gz already exists
vandyniftibest/12554.nii.gz already exists
vandyniftibest/12558.nii.gz already exists
vandyniftibest/12560.nii.gz already exists
vandyniftibest/12573.nii.gz already exists
vandyniftibest/12574.nii.gz already exists
vandyniftibest/12575.nii.gz already exists
vandyniftibest/12580.nii.gz already exists
vandyniftibest/12581.nii.gz already exists
vandyniftibest/11213.nii.gz already exists
vandyniftibest/11217.nii.gz already exists
vandyniftibest/11219.nii.gz already exists
vandyniftibest/11220.nii.gz already exists
vandyniftibest/11221.nii.gz already exists
vandyniftibest/11223.nii.gz already exists
vandyniftibest/11224.nii.gz already exists
vandyniftibest/11227.nii.gz already exists
vandyniftibest/11233.nii.gz already exists
vandyniftibest/11234.nii.gz already exists
vandyniftibest/11235.nii.gz already exists
vandyniftibest/11236.nii.gz already exists
vandyniftibest/11238.nii.gz already exists
vandyniftibest/11239.nii.gz already exists
vandyniftibest/11241.nii.gz already exists
vandyniftibest/11242.nii.gz already exists
vandyniftibest/11247.nii.gz already exists
vandyniftibest/11251.nii.gz already exists
vandyniftibest/11254.nii.gz already exists
vandyniftibest/11255.nii.gz already exists
vandyniftibest/11256.nii.gz already exists
vandyniftibest/11257.nii.gz already exists
vandyniftibest/11258.nii.gz already exists
vandyniftibest/11259.nii.gz already exists
vandyniftibest/11260.nii.gz already exists
vandyniftibest/11261.nii.gz already exists
vandyniftibest/11263.nii.gz already exists
vandyniftibest/11266.nii.gz already exists
vandyniftibest/11270.nii.gz already exists
vandyniftibest/10704.nii.gz already exists
vandyniftibest/11081.nii.gz already exists
vandyniftibest/11162.nii.gz already exists
vandyniftibest/11211.nii.gz already exists
vandyniftibest/11271.nii.gz already exists
vandyniftibest/11323.nii.gz already exists
vandyniftibest/11407.nii.gz already exists
vandyniftibest/11467.nii.gz already exists
vandyniftibest/11532.nii.gz already exists
vandyniftibest/11600.nii.gz already exists
vandyniftibest/11677.nii.gz already exists
vandyniftibest/11751.nii.gz already exists
vandyniftibest/11840.nii.gz already exists
vandyniftibest/11923.nii.gz already exists
vandyniftibest/11976.nii.gz already exists
vandyniftibest/12034.nii.gz already exists
vandyniftibest/12091.nii.gz already exists
vandyniftibest/12181.nii.gz already exists
vandyniftibest/12246.nii.gz already exists
vandyniftibest/12337.nii.gz already exists
vandyniftibest/12414.nii.gz already exists
vandyniftibest/12503.nii.gz already exists
vandyniftibest/12589.nii.gz already exists
vandyniftibest/12667.nii.gz already exists
vandyniftibest/12725.nii.gz already exists
vandyniftibest/12808.nii.gz already exists
vandyniftibest/12875.nii.gz already exists
vandyniftibest/12982.nii.gz already exists
vandyniftibest/11756.nii.gz already exists
vandyniftibest/11757.nii.gz already exists
vandyniftibest/11761.nii.gz already exists
vandyniftibest/11762.nii.gz already exists
vandyniftibest/11763.nii.gz already exists
vandyniftibest/11764.nii.gz already exists
vandyniftibest/11766.nii.gz already exists
vandyniftibest/11768.nii.gz already exists
vandyniftibest/11769.nii.gz already exists
vandyniftibest/11770.nii.gz already exists
vandyniftibest/11779.nii.gz already exists
vandyniftibest/11780.nii.gz already exists
vandyniftibest/11782.nii.gz already exists
vandyniftibest/11786.nii.gz already exists
vandyniftibest/11788.nii.gz already exists
vandyniftibest/11789.nii.gz already exists
vandyniftibest/11792.nii.gz already exists
vandyniftibest/11793.nii.gz already exists
vandyniftibest/11796.nii.gz already exists
vandyniftibest/11800.nii.gz already exists
vandyniftibest/11805.nii.gz already exists
vandyniftibest/11807.nii.gz already exists
vandyniftibest/11811.nii.gz already exists
vandyniftibest/11815.nii.gz already exists
vandyniftibest/11819.nii.gz already exists
vandyniftibest/11822.nii.gz already exists
vandyniftibest/11824.nii.gz already exists
vandyniftibest/11826.nii.gz already exists
vandyniftibest/11829.nii.gz already exists
vandyniftibest/11833.nii.gz already exists
vandyniftibest/11836.nii.gz already exists
vandyniftibest/11837.nii.gz already exists
vandyniftibest/12184.nii.gz already exists
vandyniftibest/12189.nii.gz already exists
vandyniftibest/12191.nii.gz already exists
vandyniftibest/12193.nii.gz already exists
vandyniftibest/12194.nii.gz already exists
vandyniftibest/12195.nii.gz already exists
vandyniftibest/12196.nii.gz already exists
vandyniftibest/12197.nii.gz already exists
vandyniftibest/12201.nii.gz already exists
vandyniftibest/12202.nii.gz already exists
vandyniftibest/12205.nii.gz already exists
vandyniftibest/12213.nii.gz already exists
vandyniftibest/12220.nii.gz already exists
vandyniftibest/12222.nii.gz already exists
vandyniftibest/12228.nii.gz already exists
vandyniftibest/12230.nii.gz already exists
vandyniftibest/12231.nii.gz already exists
vandyniftibest/12236.nii.gz already exists
vandyniftibest/12244.nii.gz already exists
vandyniftibest/12812.nii.gz already exists
vandyniftibest/12815.nii.gz already exists
vandyniftibest/12817.nii.gz already exists
vandyniftibest/12821.nii.gz already exists
vandyniftibest/12824.nii.gz already exists
vandyniftibest/12828.nii.gz already exists
vandyniftibest/12829.nii.gz already exists
vandyniftibest/12831.nii.gz already exists
vandyniftibest/12833.nii.gz already exists
vandyniftibest/12835.nii.gz already exists
vandyniftibest/12839.nii.gz already exists
vandyniftibest/12840.nii.gz already exists
vandyniftibest/12841.nii.gz already exists
vandyniftibest/12842.nii.gz already exists
vandyniftibest/12843.nii.gz already exists
vandyniftibest/12845.nii.gz already exists
vandyniftibest/12847.nii.gz already exists
vandyniftibest/12849.nii.gz already exists
vandyniftibest/12850.nii.gz already exists
vandyniftibest/12854.nii.gz already exists
vandyniftibest/12858.nii.gz already exists
vandyniftibest/12863.nii.gz already exists
vandyniftibest/12868.nii.gz already exists
vandyniftibest/12873.nii.gz already exists
vandyniftibest/12874.nii.gz already exists
vandyniftibest/11601.nii.gz already exists
vandyniftibest/11602.nii.gz already exists
vandyniftibest/11604.nii.gz already exists
vandyniftibest/11606.nii.gz already exists
vandyniftibest/11607.nii.gz already exists
vandyniftibest/11608.nii.gz already exists
vandyniftibest/11610.nii.gz already exists
vandyniftibest/11612.nii.gz already exists
vandyniftibest/11617.nii.gz already exists
vandyniftibest/11618.nii.gz already exists
vandyniftibest/11620.nii.gz already exists
vandyniftibest/11622.nii.gz already exists
vandyniftibest/11625.nii.gz already exists
vandyniftibest/11627.nii.gz already exists
vandyniftibest/11630.nii.gz already exists
vandyniftibest/11632.nii.gz already exists
vandyniftibest/11633.nii.gz already exists
vandyniftibest/11634.nii.gz already exists
vandyniftibest/11635.nii.gz already exists
vandyniftibest/11637.nii.gz already exists
vandyniftibest/11638.nii.gz already exists
vandyniftibest/11646.nii.gz already exists
vandyniftibest/11650.nii.gz already exists
vandyniftibest/11652.nii.gz already exists
vandyniftibest/11653.nii.gz already exists
vandyniftibest/11656.nii.gz already exists
vandyniftibest/11659.nii.gz already exists
vandyniftibest/11662.nii.gz already exists
vandyniftibest/11664.nii.gz already exists
vandyniftibest/11671.nii.gz already exists
vandyniftibest/11672.nii.gz already exists
vandyniftibest/11675.nii.gz already exists
vandyniftibest/11676.nii.gz already exists
vandyniftibest/11087.nii.gz already exists
vandyniftibest/11104.nii.gz already exists
vandyniftibest/11108.nii.gz already exists
vandyniftibest/11110.nii.gz already exists
vandyniftibest/11111.nii.gz already exists
vandyniftibest/11113.nii.gz already exists
vandyniftibest/11119.nii.gz already exists
vandyniftibest/11121.nii.gz already exists
vandyniftibest/11123.nii.gz already exists
vandyniftibest/11126.nii.gz already exists
vandyniftibest/11129.nii.gz already exists
vandyniftibest/11130.nii.gz already exists
vandyniftibest/11131.nii.gz already exists
vandyniftibest/11138.nii.gz already exists
vandyniftibest/11139.nii.gz already exists
vandyniftibest/11142.nii.gz already exists
vandyniftibest/11143.nii.gz already exists
vandyniftibest/11144.nii.gz already exists
vandyniftibest/11145.nii.gz already exists
vandyniftibest/11149.nii.gz already exists
vandyniftibest/11150.nii.gz already exists
vandyniftibest/11151.nii.gz already exists
vandyniftibest/11154.nii.gz already exists
vandyniftibest/11161.nii.gz already exists
vandyniftibest/11326.nii.gz already exists
vandyniftibest/11327.nii.gz already exists
vandyniftibest/11328.nii.gz already exists
vandyniftibest/11331.nii.gz already exists
vandyniftibest/11332.nii.gz already exists
vandyniftibest/11334.nii.gz already exists
vandyniftibest/11336.nii.gz already exists
vandyniftibest/11338.nii.gz already exists
vandyniftibest/11339.nii.gz already exists
vandyniftibest/11340.nii.gz already exists
vandyniftibest/11341.nii.gz already exists
vandyniftibest/11342.nii.gz already exists
vandyniftibest/11355.nii.gz already exists
vandyniftibest/11356.nii.gz already exists
vandyniftibest/11357.nii.gz already exists
vandyniftibest/11358.nii.gz already exists
vandyniftibest/11373.nii.gz already exists
vandyniftibest/11375.nii.gz already exists
vandyniftibest/11376.nii.gz already exists
vandyniftibest/11377.nii.gz already exists
vandyniftibest/11380.nii.gz already exists
vandyniftibest/11386.nii.gz already exists
vandyniftibest/11387.nii.gz already exists
vandyniftibest/11394.nii.gz already exists
vandyniftibest/11395.nii.gz already exists
vandyniftibest/11401.nii.gz already exists
vandyniftibest/12339.nii.gz already exists
vandyniftibest/12344.nii.gz already exists
vandyniftibest/12346.nii.gz already exists
vandyniftibest/12347.nii.gz already exists
vandyniftibest/12348.nii.gz already exists
vandyniftibest/12349.nii.gz already exists
vandyniftibest/12352.nii.gz already exists
vandyniftibest/12357.nii.gz already exists
vandyniftibest/12359.nii.gz already exists
vandyniftibest/12360.nii.gz already exists
vandyniftibest/12364.nii.gz already exists
vandyniftibest/12365.nii.gz already exists
vandyniftibest/12375.nii.gz already exists
vandyniftibest/12382.nii.gz already exists
vandyniftibest/12390.nii.gz already exists
vandyniftibest/12395.nii.gz already exists
vandyniftibest/12399.nii.gz already exists
vandyniftibest/12402.nii.gz already exists
vandyniftibest/12405.nii.gz already exists
vandyniftibest/12409.nii.gz already exists
vandyniftibest/12411.nii.gz already exists
vandyniftibest/12413.nii.gz already exists
vandyniftibest/12986.nii.gz already exists
vandyniftibest/12987.nii.gz already exists
vandyniftibest/12988.nii.gz already exists
vandyniftibest/12993.nii.gz already exists
vandyniftibest/12996.nii.gz already exists
vandyniftibest/12997.nii.gz already exists
vandyniftibest/13001.nii.gz already exists
vandyniftibest/13002.nii.gz already exists
vandyniftibest/13006.nii.gz already exists
vandyniftibest/13062.nii.gz already exists
vandyniftibest/13072.nii.gz copied successfully
vandyniftibest/13076.nii.gz copied successfully
vandyniftibest/13094.nii.gz already exists
vandyniftibest/13114.nii.gz copied successfully
vandyniftibest/13147.nii.gz already exists
vandyniftibest/13148.nii.gz copied successfully
vandyniftibest/13154.nii.gz already exists
vandyniftibest/13188.nii.gz copied successfully
vandyniftibest/13204.nii.gz already exists
vandyniftibest/13216.nii.gz copied successfully
vandyniftibest/13223.nii.gz already exists
vandyniftibest/13242.nii.gz copied successfully
vandyniftibest/13250.nii.gz already exists
vandyniftibest/13258.nii.gz copied successfully
vandyniftibest/13327.nii.gz already exists
vandyniftibest/R10009.nii.gz copied successfully
vandyniftibest/R10060.nii.gz already exists
vandyniftibest/R10062.nii.gz copied successfully
vandyniftibest/R10078.nii.gz copied successfully
vandyniftibest/R10107.nii.gz already exists
vandyniftibest/R10267.nii.gz copied successfully
vandyniftibest/R10364.nii.gz already exists
vandyniftibest/R10403.nii.gz copied successfully
vandyniftibest/12036.nii.gz already exists
vandyniftibest/12042.nii.gz copied successfully
vandyniftibest/12043.nii.gz already exists
vandyniftibest/12044.nii.gz copied successfully
vandyniftibest/12045.nii.gz already exists
vandyniftibest/12046.nii.gz copied successfully
vandyniftibest/12047.nii.gz already exists
vandyniftibest/12049.nii.gz copied successfully
vandyniftibest/12051.nii.gz already exists
vandyniftibest/12052.nii.gz copied successfully
vandyniftibest/12056.nii.gz already exists
vandyniftibest/12057.nii.gz copied successfully
vandyniftibest/12058.nii.gz already exists
vandyniftibest/12059.nii.gz copied successfully
vandyniftibest/12060.nii.gz already exists
vandyniftibest/12062.nii.gz copied successfully
vandyniftibest/12064.nii.gz already exists
vandyniftibest/12065.nii.gz already exists
vandyniftibest/12067.nii.gz copied successfully
vandyniftibest/12068.nii.gz already exists
vandyniftibest/12073.nii.gz copied successfully
vandyniftibest/12076.nii.gz already exists
vandyniftibest/12077.nii.gz copied successfully
vandyniftibest/12080.nii.gz already exists
vandyniftibest/12082.nii.gz copied successfully
vandyniftibest/12086.nii.gz already exists
vandyniftibest/12087.nii.gz copied successfully
vandyniftibest/12089.nii.gz copied successfully
vandyniftibest/12090.nii.gz already exists
vandyniftibest/12674.nii.gz copied successfully
vandyniftibest/12675.nii.gz already exists
vandyniftibest/12677.nii.gz copied successfully
vandyniftibest/12679.nii.gz already exists
vandyniftibest/12682.nii.gz copied successfully
vandyniftibest/12683.nii.gz already exists
vandyniftibest/12687.nii.gz already exists
vandyniftibest/12688.nii.gz copied successfully
vandyniftibest/12692.nii.gz already exists
vandyniftibest/12695.nii.gz copied successfully
vandyniftibest/12697.nii.gz already exists
vandyniftibest/12698.nii.gz copied successfully
vandyniftibest/12699.nii.gz already exists
vandyniftibest/12700.nii.gz copied successfully
vandyniftibest/12702.nii.gz already exists
vandyniftibest/12710.nii.gz copied successfully
vandyniftibest/12711.nii.gz already exists
vandyniftibest/12715.nii.gz copied successfully
vandyniftibest/12718.nii.gz already exists
vandyniftibest/12719.nii.gz copied successfully
vandyniftibest/12721.nii.gz already exists
vandyniftibest/12722.nii.gz copied successfully
vandyniftibest/11841.nii.gz already exists
vandyniftibest/11842.nii.gz copied successfully
vandyniftibest/11847.nii.gz already exists
vandyniftibest/11849.nii.gz copied successfully
vandyniftibest/11852.nii.gz already exists
vandyniftibest/11860.nii.gz copied successfully
vandyniftibest/11861.nii.gz already exists
vandyniftibest/11863.nii.gz copied successfully
vandyniftibest/11864.nii.gz copied successfully
vandyniftibest/11870.nii.gz already exists
vandyniftibest/11872.nii.gz copied successfully
vandyniftibest/11873.nii.gz already exists
vandyniftibest/11874.nii.gz copied successfully
vandyniftibest/11877.nii.gz already exists
vandyniftibest/11880.nii.gz copied successfully
vandyniftibest/11882.nii.gz already exists
vandyniftibest/11883.nii.gz copied successfully
vandyniftibest/11884.nii.gz already exists
vandyniftibest/11885.nii.gz copied successfully
vandyniftibest/11886.nii.gz already exists
vandyniftibest/11889.nii.gz copied successfully
vandyniftibest/11893.nii.gz already exists
vandyniftibest/11895.nii.gz copied successfully
vandyniftibest/11898.nii.gz already exists
vandyniftibest/11902.nii.gz already exists
vandyniftibest/11905.nii.gz copied successfully
vandyniftibest/11908.nii.gz already exists
vandyniftibest/11919.nii.gz copied successfully
vandyniftibest/11920.nii.gz already exists
vandyniftibest/11921.nii.gz already exists
vandyniftibest/11678.nii.gz copied successfully
vandyniftibest/11681.nii.gz already exists
vandyniftibest/11689.nii.gz copied successfully
vandyniftibest/11693.nii.gz already exists
vandyniftibest/11694.nii.gz copied successfully
vandyniftibest/11698.nii.gz already exists
vandyniftibest/11705.nii.gz copied successfully
vandyniftibest/11706.nii.gz already exists
vandyniftibest/11707.nii.gz copied successfully
vandyniftibest/11709.nii.gz already exists
vandyniftibest/11710.nii.gz copied successfully
vandyniftibest/11711.nii.gz copied successfully
vandyniftibest/11714.nii.gz already exists
vandyniftibest/11721.nii.gz already exists
vandyniftibest/11725.nii.gz copied successfully
vandyniftibest/11726.nii.gz already exists
vandyniftibest/11729.nii.gz copied successfully
vandyniftibest/11730.nii.gz copied successfully
vandyniftibest/11732.nii.gz already exists
vandyniftibest/11740.nii.gz copied successfully
vandyniftibest/11741.nii.gz already exists
vandyniftibest/11742.nii.gz copied successfully
vandyniftibest/11746.nii.gz already exists
vandyniftibest/11747.nii.gz copied successfully
vandyniftibest/11748.nii.gz already exists
vandyniftibest/11750.nii.gz copied successfully
vandyniftibest/11533.nii.gz already exists
vandyniftibest/11538.nii.gz copied successfully
vandyniftibest/11540.nii.gz already exists
vandyniftibest/11541.nii.gz copied successfully
vandyniftibest/11542.nii.gz already exists
vandyniftibest/11543.nii.gz copied successfully
vandyniftibest/11544.nii.gz already exists
vandyniftibest/11547.nii.gz copied successfully
vandyniftibest/11552.nii.gz already exists
vandyniftibest/11554.nii.gz copied successfully
vandyniftibest/11555.nii.gz already exists
vandyniftibest/11556.nii.gz copied successfully
vandyniftibest/11557.nii.gz already exists
vandyniftibest/11560.nii.gz copied successfully
vandyniftibest/11564.nii.gz already exists
vandyniftibest/11567.nii.gz copied successfully
vandyniftibest/11568.nii.gz copied successfully
vandyniftibest/11569.nii.gz already exists
vandyniftibest/11570.nii.gz already exists
vandyniftibest/11573.nii.gz copied successfully
vandyniftibest/11575.nii.gz already exists
vandyniftibest/11576.nii.gz copied successfully
vandyniftibest/11578.nii.gz already exists
vandyniftibest/11581.nii.gz copied successfully
vandyniftibest/11585.nii.gz already exists
vandyniftibest/11586.nii.gz copied successfully
vandyniftibest/11589.nii.gz already exists
vandyniftibest/11590.nii.gz copied successfully
vandyniftibest/11592.nii.gz already exists
vandyniftibest/11595.nii.gz copied successfully
vandyniftibest/11597.nii.gz already exists
vandyniftibest/11163.nii.gz copied successfully
vandyniftibest/11164.nii.gz already exists
vandyniftibest/11165.nii.gz copied successfully
vandyniftibest/11166.nii.gz already exists
vandyniftibest/11169.nii.gz already exists
vandyniftibest/11170.nii.gz copied successfully
vandyniftibest/11172.nii.gz already exists
vandyniftibest/11174.nii.gz copied successfully
vandyniftibest/11177.nii.gz already exists
vandyniftibest/11178.nii.gz copied successfully
vandyniftibest/11179.nii.gz already exists
vandyniftibest/11181.nii.gz copied successfully
vandyniftibest/11186.nii.gz already exists
vandyniftibest/11192.nii.gz copied successfully
vandyniftibest/11194.nii.gz already exists
vandyniftibest/11196.nii.gz copied successfully
vandyniftibest/11198.nii.gz already exists
vandyniftibest/11200.nii.gz copied successfully
vandyniftibest/11203.nii.gz already exists
vandyniftibest/11204.nii.gz copied successfully
vandyniftibest/11206.nii.gz already exists
vandyniftibest/11208.nii.gz copied successfully
vandyniftibest/11408.nii.gz already exists
vandyniftibest/11413.nii.gz copied successfully
vandyniftibest/11415.nii.gz already exists
vandyniftibest/11416.nii.gz copied successfully
vandyniftibest/11420.nii.gz already exists
vandyniftibest/11422.nii.gz copied successfully
vandyniftibest/11424.nii.gz already exists
vandyniftibest/11429.nii.gz copied successfully
vandyniftibest/11430.nii.gz already exists
vandyniftibest/11431.nii.gz copied successfully
vandyniftibest/11436.nii.gz already exists
vandyniftibest/11439.nii.gz copied successfully
vandyniftibest/11440.nii.gz copied successfully
vandyniftibest/11442.nii.gz already exists
vandyniftibest/11443.nii.gz copied successfully
vandyniftibest/11446.nii.gz already exists
vandyniftibest/11449.nii.gz already exists
vandyniftibest/11450.nii.gz copied successfully
vandyniftibest/11451.nii.gz copied successfully
vandyniftibest/11453.nii.gz already exists
vandyniftibest/11454.nii.gz copied successfully
vandyniftibest/11457.nii.gz already exists
vandyniftibest/11460.nii.gz copied successfully
vandyniftibest/11461.nii.gz already exists
vandyniftibest/11462.nii.gz copied successfully
vandyniftibest/11464.nii.gz already exists
vandyniftibest/11466.nii.gz copied successfully
vandyniftibest/10707.nii.gz already exists
vandyniftibest/10751.nii.gz copied successfully
vandyniftibest/10794.nii.gz copied successfully
vandyniftibest/10799.nii.gz copied successfully
vandyniftibest/10811.nii.gz copied successfully
vandyniftibest/10822.nii.gz copied successfully
vandyniftibest/10825.nii.gz copied successfully
vandyniftibest/10829.nii.gz copied successfully
vandyniftibest/10836.nii.gz copied successfully
vandyniftibest/10864.nii.gz copied successfully
vandyniftibest/10885.nii.gz copied successfully
vandyniftibest/10887.nii.gz copied successfully
vandyniftibest/10906.nii.gz copied successfully
vandyniftibest/10934.nii.gz copied successfully
vandyniftibest/10935.nii.gz copied successfully
vandyniftibest/10937.nii.gz copied successfully
vandyniftibest/10948.nii.gz copied successfully
vandyniftibest/10950.nii.gz copied successfully
vandyniftibest/10976.nii.gz copied successfully
vandyniftibest/10987.nii.gz copied successfully
vandyniftibest/10993.nii.gz copied successfully
vandyniftibest/11016.nii.gz copied successfully
vandyniftibest/11036.nii.gz copied successfully
vandyniftibest/11044.nii.gz copied successfully
vandyniftibest/11057.nii.gz copied successfully
vandyniftibest/11075.nii.gz copied successfully
vandyniftibest/11274.nii.gz copied successfully
vandyniftibest/11275.nii.gz copied successfully
vandyniftibest/11276.nii.gz copied successfully
vandyniftibest/11277.nii.gz copied successfully
vandyniftibest/11278.nii.gz copied successfully
vandyniftibest/11279.nii.gz copied successfully
vandyniftibest/11280.nii.gz copied successfully
vandyniftibest/11281.nii.gz copied successfully
vandyniftibest/11282.nii.gz copied successfully
vandyniftibest/11283.nii.gz copied successfully
vandyniftibest/11284.nii.gz copied successfully
vandyniftibest/11285.nii.gz copied successfully
vandyniftibest/11287.nii.gz copied successfully
vandyniftibest/11289.nii.gz copied successfully
vandyniftibest/11292.nii.gz copied successfully
vandyniftibest/11294.nii.gz copied successfully
vandyniftibest/11296.nii.gz copied successfully
vandyniftibest/11305.nii.gz copied successfully
vandyniftibest/11309.nii.gz copied successfully
vandyniftibest/11310.nii.gz copied successfully
vandyniftibest/11312.nii.gz copied successfully
vandyniftibest/11313.nii.gz copied successfully
vandyniftibest/11314.nii.gz copied successfully
vandyniftibest/11316.nii.gz copied successfully
vandyniftibest/11320.nii.gz copied successfully
vandyniftibest/12092.nii.gz copied successfully
vandyniftibest/12094.nii.gz copied successfully
vandyniftibest/12097.nii.gz copied successfully
vandyniftibest/12098.nii.gz copied successfully
vandyniftibest/12100.nii.gz copied successfully
vandyniftibest/12104.nii.gz copied successfully
vandyniftibest/12106.nii.gz copied successfully
vandyniftibest/12107.nii.gz copied successfully
vandyniftibest/12114.nii.gz copied successfully
vandyniftibest/12115.nii.gz copied successfully
vandyniftibest/12126.nii.gz copied successfully
vandyniftibest/12128.nii.gz copied successfully
vandyniftibest/12131.nii.gz copied successfully
vandyniftibest/12132.nii.gz copied successfully
vandyniftibest/12133.nii.gz copied successfully
vandyniftibest/12138.nii.gz copied successfully
vandyniftibest/12148.nii.gz copied successfully
vandyniftibest/12149.nii.gz copied successfully
vandyniftibest/12152.nii.gz copied successfully
vandyniftibest/12153.nii.gz copied successfully
vandyniftibest/12156.nii.gz copied successfully
vandyniftibest/12158.nii.gz copied successfully
vandyniftibest/12165.nii.gz copied successfully
vandyniftibest/12168.nii.gz copied successfully
vandyniftibest/12169.nii.gz copied successfully
vandyniftibest/12171.nii.gz copied successfully
vandyniftibest/12174.nii.gz copied successfully
vandyniftibest/12179.nii.gz copied successfully
vandyniftibest/12879.nii.gz copied successfully
vandyniftibest/12883.nii.gz copied successfully
vandyniftibest/12886.nii.gz copied successfully
vandyniftibest/12893.nii.gz copied successfully
vandyniftibest/12895.nii.gz copied successfully
vandyniftibest/12896.nii.gz copied successfully
vandyniftibest/12901.nii.gz copied successfully
vandyniftibest/12903.nii.gz copied successfully
vandyniftibest/12904.nii.gz copied successfully
vandyniftibest/12906.nii.gz copied successfully
vandyniftibest/12908.nii.gz copied successfully
vandyniftibest/12917.nii.gz copied successfully
vandyniftibest/12922.nii.gz copied successfully
vandyniftibest/12925.nii.gz copied successfully
vandyniftibest/12927.nii.gz copied successfully
vandyniftibest/12935.nii.gz copied successfully
vandyniftibest/12940.nii.gz copied successfully
vandyniftibest/12947.nii.gz copied successfully
vandyniftibest/12948.nii.gz copied successfully
vandyniftibest/12953.nii.gz copied successfully
vandyniftibest/12954.nii.gz copied successfully
vandyniftibest/12956.nii.gz copied successfully
vandyniftibest/12966.nii.gz copied successfully
vandyniftibest/12976.nii.gz copied successfully
vandyniftibest/12977.nii.gz copied successfully
vandyniftibest/12417.nii.gz copied successfully
vandyniftibest/12419.nii.gz copied successfully
vandyniftibest/12426.nii.gz copied successfully
vandyniftibest/12436.nii.gz copied successfully
vandyniftibest/12438.nii.gz copied successfully
vandyniftibest/12441.nii.gz copied successfully
vandyniftibest/12443.nii.gz copied successfully
vandyniftibest/12446.nii.gz copied successfully
vandyniftibest/12449.nii.gz copied successfully
vandyniftibest/12450.nii.gz copied successfully
vandyniftibest/12459.nii.gz copied successfully
vandyniftibest/12460.nii.gz copied successfully
vandyniftibest/12461.nii.gz copied successfully
vandyniftibest/12462.nii.gz copied successfully
vandyniftibest/12463.nii.gz copied successfully
vandyniftibest/12464.nii.gz copied successfully
vandyniftibest/12466.nii.gz copied successfully
vandyniftibest/12475.nii.gz copied successfully
vandyniftibest/12479.nii.gz copied successfully
vandyniftibest/12487.nii.gz copied successfully
vandyniftibest/12491.nii.gz copied successfully
vandyniftibest/12497.nii.gz copied successfully
vandyniftibest/12502.nii.gz copied successfully
vandyniftibest/12594.nii.gz copied successfully
vandyniftibest/12595.nii.gz copied successfully
vandyniftibest/12596.nii.gz copied successfully
vandyniftibest/12601.nii.gz copied successfully
vandyniftibest/12604.nii.gz copied successfully
vandyniftibest/12605.nii.gz copied successfully
vandyniftibest/12606.nii.gz copied successfully
vandyniftibest/12608.nii.gz copied successfully
vandyniftibest/12609.nii.gz copied successfully
vandyniftibest/12613.nii.gz copied successfully
vandyniftibest/12615.nii.gz copied successfully
vandyniftibest/12624.nii.gz copied successfully
vandyniftibest/12625.nii.gz copied successfully
vandyniftibest/12629.nii.gz copied successfully
vandyniftibest/12631.nii.gz copied successfully
vandyniftibest/12634.nii.gz copied successfully
vandyniftibest/12635.nii.gz copied successfully
vandyniftibest/12636.nii.gz copied successfully
vandyniftibest/12639.nii.gz copied successfully
vandyniftibest/12646.nii.gz copied successfully
vandyniftibest/12647.nii.gz copied successfully
vandyniftibest/12652.nii.gz copied successfully
vandyniftibest/12654.nii.gz copied successfully
vandyniftibest/12659.nii.gz copied successfully
vandyniftibest/12664.nii.gz copied successfully
vandyniftibest/12665.nii.gz copied successfully
vandyniftibest/11979.nii.gz copied successfully
vandyniftibest/11980.nii.gz copied successfully
vandyniftibest/11982.nii.gz copied successfully
vandyniftibest/11984.nii.gz copied successfully
vandyniftibest/11985.nii.gz copied successfully
vandyniftibest/11986.nii.gz copied successfully
vandyniftibest/11989.nii.gz copied successfully
vandyniftibest/11995.nii.gz copied successfully
vandyniftibest/11996.nii.gz copied successfully
vandyniftibest/11997.nii.gz copied successfully
vandyniftibest/11999.nii.gz copied successfully
vandyniftibest/12001.nii.gz copied successfully
vandyniftibest/12008.nii.gz copied successfully
vandyniftibest/12009.nii.gz copied successfully
vandyniftibest/12011.nii.gz copied successfully
vandyniftibest/12012.nii.gz copied successfully
vandyniftibest/12017.nii.gz copied successfully
vandyniftibest/12018.nii.gz copied successfully
vandyniftibest/12019.nii.gz copied successfully
vandyniftibest/12020.nii.gz copied successfully
vandyniftibest/12021.nii.gz copied successfully
vandyniftibest/12022.nii.gz copied successfully
vandyniftibest/12029.nii.gz copied successfully
vandyniftibest/12728.nii.gz copied successfully
vandyniftibest/12729.nii.gz copied successfully
vandyniftibest/12730.nii.gz copied successfully
vandyniftibest/12735.nii.gz copied successfully
vandyniftibest/12740.nii.gz copied successfully
vandyniftibest/12742.nii.gz copied successfully
vandyniftibest/12743.nii.gz copied successfully
vandyniftibest/12749.nii.gz copied successfully
vandyniftibest/12752.nii.gz copied successfully
vandyniftibest/12755.nii.gz copied successfully
vandyniftibest/12756.nii.gz copied successfully
vandyniftibest/12761.nii.gz copied successfully
vandyniftibest/12766.nii.gz copied successfully
vandyniftibest/12769.nii.gz copied successfully
vandyniftibest/12771.nii.gz copied successfully
vandyniftibest/12776.nii.gz copied successfully
vandyniftibest/12777.nii.gz copied successfully
vandyniftibest/12796.nii.gz copied successfully
vandyniftibest/12797.nii.gz copied successfully
vandyniftibest/12799.nii.gz copied successfully
vandyniftibest/12801.nii.gz copied successfully
vandyniftibest/12806.nii.gz copied successfully
vandyniftibest/12265.nii.gz copied successfully
vandyniftibest/12267.nii.gz copied successfully
vandyniftibest/12271.nii.gz copied successfully
vandyniftibest/12276.nii.gz copied successfully
vandyniftibest/12278.nii.gz copied successfully
vandyniftibest/12279.nii.gz copied successfully
vandyniftibest/12282.nii.gz copied successfully
vandyniftibest/12291.nii.gz copied successfully
vandyniftibest/12293.nii.gz copied successfully
vandyniftibest/12295.nii.gz copied successfully
vandyniftibest/12309.nii.gz copied successfully
vandyniftibest/12311.nii.gz copied successfully
vandyniftibest/12313.nii.gz copied successfully
vandyniftibest/12316.nii.gz copied successfully
vandyniftibest/12322.nii.gz copied successfully
vandyniftibest/12327.nii.gz copied successfully
vandyniftibest/12329.nii.gz copied successfully
vandyniftibest/12332.nii.gz copied successfully
