number of abnormal scans: 206
number of normal scans: 418
reading abnormal scans...
nifti/vandy/10407.nii.gz read successfully
nifti/vandy/10415.nii.gz read successfully
nifti/vandy/10535.nii.gz read successfully
nifti/vandy/10547.nii.gz read successfully
nifti/vandy/10599.nii.gz read successfully
nifti/vandy/10602.nii.gz read successfully
nifti/vandy/10653.nii.gz read successfully
nifti/vandy/10657.nii.gz read successfully
nifti/vandy/10685.nii.gz read successfully
nifti/vandy/10702.nii.gz read successfully
nifti/vandy/10704.nii.gz read successfully
nifti/vandy/10751.nii.gz read successfully
nifti/vandy/10794.nii.gz read successfully
nifti/vandy/10822.nii.gz read successfully
nifti/vandy/10885.nii.gz read successfully
nifti/vandy/10934.nii.gz read successfully
nifti/vandy/10937.nii.gz read successfully
nifti/vandy/10976.nii.gz read successfully
nifti/vandy/11036.nii.gz read successfully
nifti/vandy/11075.nii.gz read successfully
nifti/vandy/11110.nii.gz read successfully
nifti/vandy/11111.nii.gz read successfully
nifti/vandy/11113.nii.gz read successfully
nifti/vandy/11119.nii.gz read successfully
nifti/vandy/11121.nii.gz read successfully
nifti/vandy/11123.nii.gz read successfully
nifti/vandy/11126.nii.gz read successfully
nifti/vandy/11130.nii.gz read successfully
nifti/vandy/11131.nii.gz read successfully
nifti/vandy/11142.nii.gz read successfully
nifti/vandy/11150.nii.gz read successfully
nifti/vandy/11151.nii.gz read successfully
nifti/vandy/11164.nii.gz read successfully
nifti/vandy/11165.nii.gz read successfully
nifti/vandy/11169.nii.gz read successfully
nifti/vandy/11170.nii.gz read successfully
nifti/vandy/11178.nii.gz read successfully
nifti/vandy/11179.nii.gz read successfully
nifti/vandy/11181.nii.gz read successfully
nifti/vandy/11196.nii.gz read successfully
nifti/vandy/11204.nii.gz read successfully
nifti/vandy/11208.nii.gz read successfully
nifti/vandy/11211.nii.gz read successfully
nifti/vandy/11217.nii.gz read successfully
nifti/vandy/11223.nii.gz read successfully
nifti/vandy/11224.nii.gz read successfully
nifti/vandy/11236.nii.gz read successfully
nifti/vandy/11238.nii.gz read successfully
nifti/vandy/11239.nii.gz read successfully
nifti/vandy/11241.nii.gz read successfully
nifti/vandy/11260.nii.gz read successfully
nifti/vandy/11261.nii.gz read successfully
nifti/vandy/11274.nii.gz read successfully
nifti/vandy/11276.nii.gz read successfully
nifti/vandy/11277.nii.gz read successfully
nifti/vandy/11279.nii.gz read successfully
nifti/vandy/11284.nii.gz read successfully
nifti/vandy/11287.nii.gz read successfully
nifti/vandy/11294.nii.gz read successfully
nifti/vandy/11316.nii.gz read successfully
nifti/vandy/11320.nii.gz read successfully
nifti/vandy/11328.nii.gz read successfully
nifti/vandy/11332.nii.gz read successfully
nifti/vandy/11339.nii.gz read successfully
nifti/vandy/11341.nii.gz read successfully
nifti/vandy/11355.nii.gz could not be read
nifti/vandy/11416.nii.gz read successfully
nifti/vandy/11461.nii.gz read successfully
nifti/vandy/11467.nii.gz read successfully
nifti/vandy/11482.nii.gz read successfully
nifti/vandy/11504.nii.gz read successfully
nifti/vandy/11505.nii.gz read successfully
nifti/vandy/11513.nii.gz read successfully
nifti/vandy/11529.nii.gz read successfully
nifti/vandy/11532.nii.gz read successfully
nifti/vandy/11541.nii.gz read successfully
nifti/vandy/11542.nii.gz read successfully
nifti/vandy/11543.nii.gz read successfully
nifti/vandy/11544.nii.gz read successfully
nifti/vandy/11547.nii.gz read successfully
nifti/vandy/11552.nii.gz read successfully
nifti/vandy/11560.nii.gz read successfully
nifti/vandy/11564.nii.gz read successfully
nifti/vandy/11567.nii.gz read successfully
nifti/vandy/11568.nii.gz read successfully
nifti/vandy/11581.nii.gz read successfully
nifti/vandy/11589.nii.gz read successfully
nifti/vandy/11590.nii.gz read successfully
nifti/vandy/11592.nii.gz read successfully
nifti/vandy/11595.nii.gz read successfully
nifti/vandy/11597.nii.gz read successfully
nifti/vandy/11602.nii.gz read successfully
nifti/vandy/11608.nii.gz read successfully
nifti/vandy/11612.nii.gz read successfully
nifti/vandy/11618.nii.gz read successfully
nifti/vandy/11620.nii.gz read successfully
nifti/vandy/11622.nii.gz read successfully
nifti/vandy/11625.nii.gz read successfully
nifti/vandy/11650.nii.gz read successfully
nifti/vandy/11652.nii.gz read successfully
nifti/vandy/11671.nii.gz read successfully
nifti/vandy/11675.nii.gz read successfully
nifti/vandy/11693.nii.gz read successfully
nifti/vandy/11694.nii.gz read successfully
nifti/vandy/11709.nii.gz read successfully
nifti/vandy/11711.nii.gz read successfully
nifti/vandy/11725.nii.gz read successfully
nifti/vandy/11726.nii.gz read successfully
nifti/vandy/11742.nii.gz read successfully
nifti/vandy/11763.nii.gz read successfully
nifti/vandy/11764.nii.gz read successfully
nifti/vandy/11766.nii.gz read successfully
nifti/vandy/11769.nii.gz read successfully
nifti/vandy/11786.nii.gz read successfully
nifti/vandy/11788.nii.gz read successfully
nifti/vandy/11789.nii.gz read successfully
nifti/vandy/11805.nii.gz read successfully
nifti/vandy/11807.nii.gz read successfully
nifti/vandy/11849.nii.gz read successfully
nifti/vandy/11861.nii.gz read successfully
nifti/vandy/11873.nii.gz read successfully
nifti/vandy/11889.nii.gz read successfully
nifti/vandy/11921.nii.gz read successfully
nifti/vandy/11923.nii.gz read successfully
nifti/vandy/11926.nii.gz read successfully
nifti/vandy/11936.nii.gz read successfully
nifti/vandy/11947.nii.gz read successfully
nifti/vandy/11955.nii.gz read successfully
nifti/vandy/11964.nii.gz read successfully
nifti/vandy/11967.nii.gz read successfully
nifti/vandy/11982.nii.gz read successfully
nifti/vandy/11989.nii.gz read successfully
nifti/vandy/11995.nii.gz read successfully
nifti/vandy/12017.nii.gz read successfully
nifti/vandy/12052.nii.gz read successfully
nifti/vandy/12059.nii.gz read successfully
nifti/vandy/12062.nii.gz read successfully
nifti/vandy/12077.nii.gz read successfully
nifti/vandy/12086.nii.gz read successfully
nifti/vandy/12089.nii.gz read successfully
nifti/vandy/12090.nii.gz read successfully
nifti/vandy/12092.nii.gz read successfully
nifti/vandy/12128.nii.gz read successfully
nifti/vandy/12149.nii.gz read successfully
nifti/vandy/12153.nii.gz read successfully
nifti/vandy/12168.nii.gz read successfully
nifti/vandy/12169.nii.gz read successfully
nifti/vandy/12191.nii.gz read successfully
nifti/vandy/12195.nii.gz read successfully
nifti/vandy/12202.nii.gz read successfully
nifti/vandy/12220.nii.gz read successfully
nifti/vandy/12265.nii.gz read successfully
nifti/vandy/12309.nii.gz read successfully
nifti/vandy/12316.nii.gz read successfully
nifti/vandy/12327.nii.gz read successfully
nifti/vandy/12329.nii.gz read successfully
nifti/vandy/12337.nii.gz read successfully
nifti/vandy/12348.nii.gz could not be read
nifti/vandy/12359.nii.gz could not be read
nifti/vandy/12365.nii.gz could not be read
nifti/vandy/12390.nii.gz could not be read
nifti/vandy/12395.nii.gz read successfully
nifti/vandy/12413.nii.gz read successfully
nifti/vandy/12419.nii.gz read successfully
nifti/vandy/12446.nii.gz read successfully
nifti/vandy/12449.nii.gz read successfully
nifti/vandy/12459.nii.gz read successfully
nifti/vandy/12460.nii.gz read successfully
nifti/vandy/12466.nii.gz read successfully
nifti/vandy/12487.nii.gz read successfully
nifti/vandy/12491.nii.gz read successfully
nifti/vandy/12526.nii.gz read successfully
nifti/vandy/12546.nii.gz read successfully
nifti/vandy/12589.nii.gz read successfully
nifti/vandy/12596.nii.gz read successfully
nifti/vandy/12604.nii.gz read successfully
nifti/vandy/12606.nii.gz read successfully
nifti/vandy/12613.nii.gz read successfully
nifti/vandy/12634.nii.gz read successfully
nifti/vandy/12654.nii.gz read successfully
nifti/vandy/12664.nii.gz read successfully
nifti/vandy/12667.nii.gz read successfully
nifti/vandy/12674.nii.gz read successfully
nifti/vandy/12677.nii.gz read successfully
nifti/vandy/12682.nii.gz read successfully
nifti/vandy/12683.nii.gz read successfully
nifti/vandy/12697.nii.gz read successfully
nifti/vandy/12698.nii.gz read successfully
nifti/vandy/12700.nii.gz read successfully
nifti/vandy/12718.nii.gz read successfully
nifti/vandy/12725.nii.gz read successfully
nifti/vandy/12742.nii.gz read successfully
nifti/vandy/12743.nii.gz read successfully
nifti/vandy/12755.nii.gz read successfully
nifti/vandy/12801.nii.gz read successfully
nifti/vandy/12839.nii.gz read successfully
nifti/vandy/12841.nii.gz read successfully
nifti/vandy/12843.nii.gz read successfully
nifti/vandy/12858.nii.gz read successfully
nifti/vandy/12893.nii.gz read successfully
nifti/vandy/12903.nii.gz read successfully
nifti/vandy/12906.nii.gz read successfully
nifti/vandy/12922.nii.gz read successfully
nifti/vandy/12948.nii.gz read successfully
nifti/vandy/12956.nii.gz read successfully
nifti/vandy/12982.nii.gz read successfully
filtering abnormal scans...
reading normal scans...
nifti/vandy/10411.nii.gz read successfully
nifti/vandy/10488.nii.gz read successfully
nifti/vandy/10502.nii.gz read successfully
nifti/vandy/10593.nii.gz read successfully
nifti/vandy/10603.nii.gz read successfully
nifti/vandy/10615.nii.gz read successfully
nifti/vandy/10650.nii.gz read successfully
nifti/vandy/10681.nii.gz read successfully
nifti/vandy/10697.nii.gz read successfully
nifti/vandy/10707.nii.gz read successfully
nifti/vandy/10811.nii.gz read successfully
nifti/vandy/10829.nii.gz read successfully
nifti/vandy/10864.nii.gz read successfully
nifti/vandy/10887.nii.gz read successfully
nifti/vandy/10906.nii.gz read successfully
nifti/vandy/10935.nii.gz read successfully
nifti/vandy/10948.nii.gz read successfully
nifti/vandy/10987.nii.gz read successfully
nifti/vandy/11016.nii.gz read successfully
nifti/vandy/11057.nii.gz read successfully
nifti/vandy/11081.nii.gz read successfully
nifti/vandy/11087.nii.gz read successfully
nifti/vandy/11108.nii.gz read successfully
nifti/vandy/11129.nii.gz read successfully
nifti/vandy/11138.nii.gz read successfully
nifti/vandy/11139.nii.gz read successfully
nifti/vandy/11143.nii.gz read successfully
nifti/vandy/11144.nii.gz read successfully
nifti/vandy/11145.nii.gz read successfully
nifti/vandy/11161.nii.gz read successfully
nifti/vandy/11162.nii.gz read successfully
nifti/vandy/11163.nii.gz read successfully
nifti/vandy/11166.nii.gz read successfully
nifti/vandy/11172.nii.gz read successfully
nifti/vandy/11174.nii.gz read successfully
nifti/vandy/11177.nii.gz read successfully
nifti/vandy/11192.nii.gz read successfully
nifti/vandy/11194.nii.gz read successfully
nifti/vandy/11198.nii.gz read successfully
nifti/vandy/11200.nii.gz read successfully
nifti/vandy/11203.nii.gz read successfully
nifti/vandy/11213.nii.gz read successfully
nifti/vandy/11219.nii.gz read successfully
nifti/vandy/11220.nii.gz read successfully
nifti/vandy/11221.nii.gz read successfully
nifti/vandy/11227.nii.gz read successfully
nifti/vandy/11233.nii.gz read successfully
nifti/vandy/11234.nii.gz read successfully
nifti/vandy/11235.nii.gz read successfully
nifti/vandy/11242.nii.gz read successfully
nifti/vandy/11251.nii.gz read successfully
nifti/vandy/11255.nii.gz read successfully
nifti/vandy/11256.nii.gz read successfully
nifti/vandy/11257.nii.gz read successfully
nifti/vandy/11258.nii.gz read successfully
nifti/vandy/11259.nii.gz read successfully
nifti/vandy/11263.nii.gz read successfully
nifti/vandy/11266.nii.gz read successfully
nifti/vandy/11270.nii.gz read successfully
nifti/vandy/11275.nii.gz read successfully
nifti/vandy/11278.nii.gz read successfully
nifti/vandy/11280.nii.gz read successfully
nifti/vandy/11281.nii.gz read successfully
nifti/vandy/11282.nii.gz read successfully
nifti/vandy/11283.nii.gz read successfully
nifti/vandy/11285.nii.gz read successfully
nifti/vandy/11289.nii.gz read successfully
nifti/vandy/11292.nii.gz read successfully
nifti/vandy/11296.nii.gz read successfully
nifti/vandy/11305.nii.gz read successfully
nifti/vandy/11309.nii.gz read successfully
nifti/vandy/11310.nii.gz read successfully
nifti/vandy/11312.nii.gz read successfully
nifti/vandy/11313.nii.gz read successfully
nifti/vandy/11314.nii.gz read successfully
nifti/vandy/11323.nii.gz read successfully
nifti/vandy/11326.nii.gz read successfully
nifti/vandy/11327.nii.gz read successfully
nifti/vandy/11331.nii.gz read successfully
nifti/vandy/11334.nii.gz read successfully
nifti/vandy/11336.nii.gz read successfully
nifti/vandy/11340.nii.gz read successfully
nifti/vandy/11342.nii.gz read successfully
nifti/vandy/11356.nii.gz read successfully
nifti/vandy/11357.nii.gz read successfully
nifti/vandy/11375.nii.gz read successfully
nifti/vandy/11376.nii.gz read successfully
nifti/vandy/11377.nii.gz read successfully
nifti/vandy/11380.nii.gz could not be read
nifti/vandy/11386.nii.gz could not be read
nifti/vandy/11387.nii.gz read successfully
nifti/vandy/11394.nii.gz could not be read
nifti/vandy/11395.nii.gz read successfully
nifti/vandy/11460.nii.gz read successfully
nifti/vandy/11462.nii.gz read successfully
nifti/vandy/11464.nii.gz read successfully
nifti/vandy/11466.nii.gz read successfully
nifti/vandy/11476.nii.gz read successfully
nifti/vandy/11479.nii.gz read successfully
nifti/vandy/11480.nii.gz read successfully
nifti/vandy/11481.nii.gz read successfully
nifti/vandy/11487.nii.gz read successfully
nifti/vandy/11501.nii.gz read successfully
nifti/vandy/11503.nii.gz read successfully
nifti/vandy/11506.nii.gz read successfully
nifti/vandy/11510.nii.gz read successfully
nifti/vandy/11514.nii.gz read successfully
nifti/vandy/11515.nii.gz read successfully
nifti/vandy/11516.nii.gz read successfully
nifti/vandy/11522.nii.gz read successfully
nifti/vandy/11527.nii.gz read successfully
nifti/vandy/11528.nii.gz read successfully
nifti/vandy/11531.nii.gz read successfully
nifti/vandy/11533.nii.gz read successfully
nifti/vandy/11538.nii.gz read successfully
nifti/vandy/11540.nii.gz read successfully
nifti/vandy/11555.nii.gz read successfully
nifti/vandy/11556.nii.gz read successfully
nifti/vandy/11557.nii.gz read successfully
nifti/vandy/11569.nii.gz read successfully
nifti/vandy/11570.nii.gz read successfully
nifti/vandy/11573.nii.gz read successfully
nifti/vandy/11576.nii.gz read successfully
nifti/vandy/11578.nii.gz read successfully
nifti/vandy/11585.nii.gz read successfully
nifti/vandy/11586.nii.gz read successfully
nifti/vandy/11600.nii.gz read successfully
nifti/vandy/11601.nii.gz read successfully
nifti/vandy/11604.nii.gz read successfully
nifti/vandy/11606.nii.gz read successfully
nifti/vandy/11607.nii.gz read successfully
nifti/vandy/11610.nii.gz read successfully
nifti/vandy/11617.nii.gz read successfully
nifti/vandy/11627.nii.gz read successfully
nifti/vandy/11630.nii.gz read successfully
nifti/vandy/11632.nii.gz read successfully
nifti/vandy/11633.nii.gz read successfully
nifti/vandy/11634.nii.gz read successfully
nifti/vandy/11635.nii.gz read successfully
nifti/vandy/11637.nii.gz read successfully
nifti/vandy/11638.nii.gz read successfully
nifti/vandy/11653.nii.gz read successfully
nifti/vandy/11656.nii.gz read successfully
nifti/vandy/11659.nii.gz read successfully
nifti/vandy/11662.nii.gz read successfully
nifti/vandy/11664.nii.gz read successfully
nifti/vandy/11672.nii.gz read successfully
nifti/vandy/11676.nii.gz read successfully
nifti/vandy/11677.nii.gz read successfully
nifti/vandy/11678.nii.gz read successfully
nifti/vandy/11681.nii.gz read successfully
nifti/vandy/11689.nii.gz read successfully
nifti/vandy/11698.nii.gz read successfully
nifti/vandy/11705.nii.gz read successfully
nifti/vandy/11706.nii.gz read successfully
nifti/vandy/11707.nii.gz read successfully
nifti/vandy/11710.nii.gz read successfully
nifti/vandy/11714.nii.gz read successfully
nifti/vandy/11721.nii.gz read successfully
nifti/vandy/11729.nii.gz read successfully
nifti/vandy/11730.nii.gz read successfully
nifti/vandy/11732.nii.gz read successfully
nifti/vandy/11740.nii.gz read successfully
nifti/vandy/11741.nii.gz read successfully
nifti/vandy/11756.nii.gz read successfully
nifti/vandy/11757.nii.gz read successfully
nifti/vandy/11762.nii.gz read successfully
nifti/vandy/11768.nii.gz read successfully
nifti/vandy/11770.nii.gz read successfully
nifti/vandy/11779.nii.gz read successfully
nifti/vandy/11780.nii.gz read successfully
nifti/vandy/11782.nii.gz read successfully
nifti/vandy/11792.nii.gz read successfully
nifti/vandy/11793.nii.gz read successfully
nifti/vandy/11796.nii.gz read successfully
nifti/vandy/11811.nii.gz read successfully
nifti/vandy/11815.nii.gz read successfully
nifti/vandy/11819.nii.gz read successfully
nifti/vandy/11824.nii.gz read successfully
nifti/vandy/11826.nii.gz read successfully
nifti/vandy/11829.nii.gz read successfully
nifti/vandy/11836.nii.gz read successfully
nifti/vandy/11837.nii.gz read successfully
nifti/vandy/11840.nii.gz read successfully
nifti/vandy/11841.nii.gz read successfully
nifti/vandy/11842.nii.gz read successfully
nifti/vandy/11847.nii.gz read successfully
nifti/vandy/11860.nii.gz read successfully
nifti/vandy/11870.nii.gz read successfully
nifti/vandy/11877.nii.gz read successfully
nifti/vandy/11880.nii.gz read successfully
nifti/vandy/11882.nii.gz read successfully
nifti/vandy/11883.nii.gz read successfully
nifti/vandy/11884.nii.gz read successfully
nifti/vandy/11885.nii.gz read successfully
nifti/vandy/11886.nii.gz read successfully
nifti/vandy/11893.nii.gz read successfully
nifti/vandy/11898.nii.gz read successfully
nifti/vandy/11902.nii.gz read successfully
nifti/vandy/11905.nii.gz read successfully
nifti/vandy/11908.nii.gz read successfully
nifti/vandy/11919.nii.gz read successfully
nifti/vandy/11920.nii.gz read successfully
nifti/vandy/11924.nii.gz read successfully
nifti/vandy/11927.nii.gz read successfully
nifti/vandy/11929.nii.gz read successfully
nifti/vandy/11935.nii.gz read successfully
nifti/vandy/11941.nii.gz read successfully
nifti/vandy/11943.nii.gz read successfully
nifti/vandy/11945.nii.gz read successfully
nifti/vandy/11953.nii.gz read successfully
nifti/vandy/11959.nii.gz read successfully
nifti/vandy/11960.nii.gz read successfully
nifti/vandy/11969.nii.gz read successfully
nifti/vandy/11974.nii.gz read successfully
nifti/vandy/11976.nii.gz read successfully
nifti/vandy/11979.nii.gz read successfully
nifti/vandy/11980.nii.gz read successfully
nifti/vandy/11984.nii.gz read successfully
nifti/vandy/11985.nii.gz read successfully
nifti/vandy/11986.nii.gz read successfully
nifti/vandy/11996.nii.gz read successfully
nifti/vandy/11999.nii.gz read successfully
nifti/vandy/12001.nii.gz read successfully
nifti/vandy/12008.nii.gz read successfully
nifti/vandy/12009.nii.gz read successfully
nifti/vandy/12011.nii.gz read successfully
nifti/vandy/12012.nii.gz read successfully
nifti/vandy/12018.nii.gz read successfully
nifti/vandy/12019.nii.gz read successfully
nifti/vandy/12020.nii.gz read successfully
nifti/vandy/12021.nii.gz read successfully
nifti/vandy/12022.nii.gz read successfully
nifti/vandy/12029.nii.gz read successfully
nifti/vandy/12036.nii.gz read successfully
nifti/vandy/12042.nii.gz read successfully
nifti/vandy/12043.nii.gz read successfully
nifti/vandy/12044.nii.gz read successfully
nifti/vandy/12045.nii.gz read successfully
nifti/vandy/12046.nii.gz read successfully
nifti/vandy/12047.nii.gz read successfully
nifti/vandy/12049.nii.gz read successfully
nifti/vandy/12051.nii.gz read successfully
nifti/vandy/12060.nii.gz read successfully
nifti/vandy/12064.nii.gz read successfully
nifti/vandy/12067.nii.gz read successfully
nifti/vandy/12073.nii.gz read successfully
nifti/vandy/12076.nii.gz read successfully
nifti/vandy/12080.nii.gz read successfully
nifti/vandy/12082.nii.gz read successfully
nifti/vandy/12087.nii.gz read successfully
nifti/vandy/12091.nii.gz read successfully
nifti/vandy/12094.nii.gz read successfully
nifti/vandy/12097.nii.gz read successfully
nifti/vandy/12098.nii.gz read successfully
nifti/vandy/12104.nii.gz read successfully
nifti/vandy/12106.nii.gz read successfully
nifti/vandy/12114.nii.gz read successfully
nifti/vandy/12115.nii.gz read successfully
nifti/vandy/12131.nii.gz read successfully
nifti/vandy/12132.nii.gz read successfully
nifti/vandy/12133.nii.gz read successfully
nifti/vandy/12138.nii.gz read successfully
nifti/vandy/12148.nii.gz read successfully
nifti/vandy/12156.nii.gz read successfully
nifti/vandy/12165.nii.gz read successfully
nifti/vandy/12171.nii.gz read successfully
nifti/vandy/12174.nii.gz read successfully
nifti/vandy/12179.nii.gz read successfully
nifti/vandy/12181.nii.gz read successfully
nifti/vandy/12193.nii.gz read successfully
nifti/vandy/12194.nii.gz read successfully
nifti/vandy/12201.nii.gz read successfully
nifti/vandy/12205.nii.gz read successfully
nifti/vandy/12213.nii.gz read successfully
nifti/vandy/12222.nii.gz read successfully
nifti/vandy/12228.nii.gz read successfully
nifti/vandy/12230.nii.gz read successfully
nifti/vandy/12236.nii.gz read successfully
nifti/vandy/12244.nii.gz read successfully
nifti/vandy/12246.nii.gz read successfully
nifti/vandy/12267.nii.gz read successfully
nifti/vandy/12276.nii.gz read successfully
nifti/vandy/12278.nii.gz read successfully
nifti/vandy/12279.nii.gz read successfully
nifti/vandy/12282.nii.gz read successfully
nifti/vandy/12291.nii.gz read successfully
nifti/vandy/12293.nii.gz read successfully
nifti/vandy/12295.nii.gz read successfully
nifti/vandy/12311.nii.gz read successfully
nifti/vandy/12313.nii.gz read successfully
nifti/vandy/12322.nii.gz read successfully
nifti/vandy/12339.nii.gz read successfully
nifti/vandy/12344.nii.gz read successfully
nifti/vandy/12346.nii.gz could not be read
nifti/vandy/12347.nii.gz could not be read
nifti/vandy/12349.nii.gz could not be read
nifti/vandy/12352.nii.gz could not be read
nifti/vandy/12357.nii.gz could not be read
nifti/vandy/12360.nii.gz could not be read
nifti/vandy/12364.nii.gz could not be read
nifti/vandy/12375.nii.gz could not be read
nifti/vandy/12382.nii.gz could not be read
nifti/vandy/12399.nii.gz could not be read
nifti/vandy/12402.nii.gz read successfully
nifti/vandy/12405.nii.gz read successfully
nifti/vandy/12409.nii.gz read successfully
nifti/vandy/12411.nii.gz read successfully
nifti/vandy/12417.nii.gz read successfully
nifti/vandy/12426.nii.gz read successfully
nifti/vandy/12436.nii.gz read successfully
nifti/vandy/12438.nii.gz read successfully
nifti/vandy/12441.nii.gz read successfully
nifti/vandy/12443.nii.gz read successfully
nifti/vandy/12450.nii.gz read successfully
nifti/vandy/12461.nii.gz read successfully
nifti/vandy/12462.nii.gz read successfully
nifti/vandy/12463.nii.gz read successfully
nifti/vandy/12464.nii.gz read successfully
nifti/vandy/12475.nii.gz read successfully
nifti/vandy/12479.nii.gz read successfully
nifti/vandy/12510.nii.gz read successfully
nifti/vandy/12514.nii.gz read successfully
nifti/vandy/12520.nii.gz read successfully
nifti/vandy/12522.nii.gz read successfully
nifti/vandy/12529.nii.gz read successfully
nifti/vandy/12538.nii.gz read successfully
nifti/vandy/12545.nii.gz read successfully
nifti/vandy/12549.nii.gz read successfully
nifti/vandy/12554.nii.gz read successfully
nifti/vandy/12560.nii.gz read successfully
nifti/vandy/12573.nii.gz read successfully
nifti/vandy/12574.nii.gz read successfully
nifti/vandy/12575.nii.gz read successfully
nifti/vandy/12580.nii.gz read successfully
nifti/vandy/12581.nii.gz read successfully
nifti/vandy/12594.nii.gz read successfully
nifti/vandy/12601.nii.gz read successfully
nifti/vandy/12605.nii.gz read successfully
nifti/vandy/12608.nii.gz read successfully
nifti/vandy/12609.nii.gz read successfully
nifti/vandy/12615.nii.gz read successfully
nifti/vandy/12624.nii.gz read successfully
nifti/vandy/12629.nii.gz read successfully
nifti/vandy/12631.nii.gz read successfully
nifti/vandy/12635.nii.gz read successfully
nifti/vandy/12636.nii.gz read successfully
nifti/vandy/12646.nii.gz read successfully
nifti/vandy/12647.nii.gz read successfully
nifti/vandy/12652.nii.gz read successfully
nifti/vandy/12665.nii.gz read successfully
nifti/vandy/12679.nii.gz read successfully
nifti/vandy/12687.nii.gz read successfully
nifti/vandy/12688.nii.gz read successfully
nifti/vandy/12692.nii.gz read successfully
nifti/vandy/12695.nii.gz read successfully
nifti/vandy/12699.nii.gz read successfully
nifti/vandy/12702.nii.gz read successfully
nifti/vandy/12710.nii.gz read successfully
nifti/vandy/12711.nii.gz read successfully
nifti/vandy/12715.nii.gz read successfully
nifti/vandy/12719.nii.gz read successfully
nifti/vandy/12721.nii.gz read successfully
nifti/vandy/12728.nii.gz read successfully
nifti/vandy/12729.nii.gz read successfully
nifti/vandy/12730.nii.gz read successfully
nifti/vandy/12735.nii.gz read successfully
nifti/vandy/12740.nii.gz read successfully
nifti/vandy/12749.nii.gz read successfully
nifti/vandy/12752.nii.gz read successfully
nifti/vandy/12756.nii.gz read successfully
nifti/vandy/12769.nii.gz read successfully
nifti/vandy/12771.nii.gz read successfully
nifti/vandy/12776.nii.gz read successfully
nifti/vandy/12777.nii.gz read successfully
nifti/vandy/12796.nii.gz read successfully
nifti/vandy/12797.nii.gz read successfully
nifti/vandy/12799.nii.gz read successfully
nifti/vandy/12806.nii.gz read successfully
nifti/vandy/12812.nii.gz read successfully
nifti/vandy/12815.nii.gz read successfully
nifti/vandy/12817.nii.gz read successfully
nifti/vandy/12824.nii.gz read successfully
nifti/vandy/12828.nii.gz read successfully
nifti/vandy/12829.nii.gz read successfully
nifti/vandy/12831.nii.gz read successfully
nifti/vandy/12833.nii.gz read successfully
nifti/vandy/12835.nii.gz read successfully
nifti/vandy/12840.nii.gz read successfully
nifti/vandy/12842.nii.gz read successfully
nifti/vandy/12845.nii.gz read successfully
nifti/vandy/12847.nii.gz read successfully
nifti/vandy/12849.nii.gz read successfully
nifti/vandy/12850.nii.gz read successfully
nifti/vandy/12854.nii.gz read successfully
nifti/vandy/12863.nii.gz read successfully
nifti/vandy/12868.nii.gz read successfully
nifti/vandy/12874.nii.gz read successfully
nifti/vandy/12879.nii.gz read successfully
nifti/vandy/12883.nii.gz read successfully
nifti/vandy/12895.nii.gz read successfully
nifti/vandy/12896.nii.gz read successfully
nifti/vandy/12901.nii.gz read successfully
nifti/vandy/12904.nii.gz read successfully
nifti/vandy/12908.nii.gz read successfully
nifti/vandy/12917.nii.gz read successfully
nifti/vandy/12925.nii.gz read successfully
nifti/vandy/12927.nii.gz read successfully
nifti/vandy/12935.nii.gz read successfully
nifti/vandy/12940.nii.gz read successfully
nifti/vandy/12947.nii.gz read successfully
nifti/vandy/12953.nii.gz read successfully
nifti/vandy/12954.nii.gz read successfully
nifti/vandy/12966.nii.gz read successfully
nifti/vandy/12976.nii.gz read successfully
nifti/vandy/12977.nii.gz read successfully
nifti/vandy/12987.nii.gz read successfully
nifti/vandy/12988.nii.gz read successfully
filtering normal scans...
Number of samples in train and validation are 288 and 119.
