2023-12-12 08:42:59.877994: I tensorflow/core/util/port.cc:113] oneDNN custom operations are on. You may see slightly different numerical results due to floating-point round-off errors from different computation orders. To turn them off, set the environment variable `TF_ENABLE_ONEDNN_OPTS=0`.
2023-12-12 08:42:59.880216: I external/local_tsl/tsl/cuda/cudart_stub.cc:31] Could not find cuda drivers on your machine, GPU will not be used.
2023-12-12 08:42:59.920014: E external/local_xla/xla/stream_executor/cuda/cuda_dnn.cc:9261] Unable to register cuDNN factory: Attempting to register factory for plugin cuDNN when one has already been registered
2023-12-12 08:42:59.920037: E external/local_xla/xla/stream_executor/cuda/cuda_fft.cc:607] Unable to register cuFFT factory: Attempting to register factory for plugin cuFFT when one has already been registered
2023-12-12 08:42:59.921423: E external/local_xla/xla/stream_executor/cuda/cuda_blas.cc:1515] Unable to register cuBLAS factory: Attempting to register factory for plugin cuBLAS when one has already been registered
2023-12-12 08:42:59.927876: I external/local_tsl/tsl/cuda/cudart_stub.cc:31] Could not find cuda drivers on your machine, GPU will not be used.
2023-12-12 08:42:59.928084: I tensorflow/core/platform/cpu_feature_guard.cc:182] This TensorFlow binary is optimized to use available CPU instructions in performance-critical operations.
To enable the following instructions: AVX2 AVX512F AVX512_VNNI FMA, in other operations, rebuild TensorFlow with the appropriate compiler flags.
2023-12-12 08:43:02.143582: W tensorflow/compiler/tf2tensorrt/utils/py_utils.cc:38] TF-TRT Warning: Could not find TensorRT
Model: "3dcnn"
_________________________________________________________________
 Layer (type)                Output Shape              Param #   
=================================================================
 input_1 (InputLayer)        [(None, 128, 128, 64, 1   0         
                             )]                                  
                                                                 
 conv3d (Conv3D)             (None, 126, 126, 62, 64   1792      
                             )                                   
                                                                 
 max_pooling3d (MaxPooling3  (None, 63, 63, 31, 64)    0         
 D)                                                              
                                                                 
 batch_normalization (Batch  (None, 63, 63, 31, 64)    256       
 Normalization)                                                  
                                                                 
 conv3d_1 (Conv3D)           (None, 61, 61, 29, 64)    110656    
                                                                 
 max_pooling3d_1 (MaxPoolin  (None, 30, 30, 14, 64)    0         
 g3D)                                                            
                                                                 
 batch_normalization_1 (Bat  (None, 30, 30, 14, 64)    256       
 chNormalization)                                                
                                                                 
 conv3d_2 (Conv3D)           (None, 28, 28, 12, 128)   221312    
                                                                 
 max_pooling3d_2 (MaxPoolin  (None, 14, 14, 6, 128)    0         
 g3D)                                                            
                                                                 
 batch_normalization_2 (Bat  (None, 14, 14, 6, 128)    512       
 chNormalization)                                                
                                                                 
 conv3d_3 (Conv3D)           (None, 12, 12, 4, 256)    884992    
                                                                 
 max_pooling3d_3 (MaxPoolin  (None, 6, 6, 2, 256)      0         
 g3D)                                                            
                                                                 
 batch_normalization_3 (Bat  (None, 6, 6, 2, 256)      1024      
 chNormalization)                                                
                                                                 
 global_average_pooling3d (  (None, 256)               0         
 GlobalAveragePooling3D)                                         
                                                                 
 dense (Dense)               (None, 512)               131584    
                                                                 
 dropout (Dropout)           (None, 512)               0         
                                                                 
 dense_1 (Dense)             (None, 1)                 513       
                                                                 
=================================================================
Total params: 1352897 (5.16 MB)
Trainable params: 1351873 (5.16 MB)
Non-trainable params: 1024 (4.00 KB)
_________________________________________________________________
Epoch 1/100
/home/lodhar/.local/lib/python3.11/site-packages/keras/src/engine/training.py:3103: UserWarning: You are saving your model as an HDF5 file via `model.save()`. This file format is considered legacy. We recommend using instead the native Keras format, e.g. `model.save('my_model.keras')`.
  saving_api.save_model(
144/144 - 51s - loss: 0.7403 - acc: 0.4792 - val_loss: 0.7005 - val_acc: 0.5210 - 51s/epoch - 357ms/step
Epoch 2/100
